#
# There is insufficient memory for the Java Runtime Environment to continue.
# Native memory allocation (malloc) failed to allocate 86016 bytes for Chunk::new
# Possible reasons:
#   The system is out of physical RAM or swap space
#   In 32 bit mode, the process size limit was hit
# Possible solutions:
#   Reduce memory load on the system
#   Increase physical memory or swap space
#   Check if swap backing store is full
#   Use 64 bit Java on a 64 bit OS
#   Decrease Java heap size (-Xmx/-Xms)
#   Decrease number of Java threads
#   Decrease Java thread stack sizes (-Xss)
#   Set larger code cache with -XX:ReservedCodeCacheSize=
# This output file may be truncated or incomplete.
#
#  Out of Memory Error (allocation.cpp:390), pid=6184, tid=1216
#
# JRE version: Java(TM) SE Runtime Environment (8.0_77-b03) (build 1.8.0_77-b03)
# Java VM: Java HotSpot(TM) 64-Bit Server VM (25.77-b03 mixed mode windows-amd64 compressed oops)
# Failed to write core dump. Minidumps are not enabled by default on client versions of Windows
#

---------------  T H R E A D  ---------------

Current thread (0x000000005613a800):  JavaThread "C2 CompilerThread0" daemon [_thread_in_native, id=1216, stack(0x0000000056850000,0x0000000056950000)]

Stack: [0x0000000056850000,0x0000000056950000]
[error occurred during error reporting (printing stack bounds), id 0xc0000005]

Native frames: (J=compiled Java code, j=interpreted, Vv=VM code, C=native code)


Current CompileTask:
C2:   9140 2084       4       java.util.TreeMap::get (19 bytes)


---------------  P R O C E S S  ---------------

Java Threads: ( => current thread )
  0x0000000056445800 JavaThread "pool-2-thread-4" [_thread_blocked, id=2976, stack(0x0000000057d70000,0x0000000057e70000)]
  0x0000000056443000 JavaThread "pool-2-thread-3" [_thread_blocked, id=6296, stack(0x00000000579f0000,0x0000000057af0000)]
  0x0000000056441800 JavaThread "pool-2-thread-2" [_thread_blocked, id=3708, stack(0x0000000057b30000,0x0000000057c30000)]
  0x00000000564c7000 JavaThread "pool-3-thread-1" [_thread_blocked, id=1348, stack(0x00000000578f0000,0x00000000579f0000)]
  0x00000000564c5000 JavaThread "pool-2-thread-1" [_thread_blocked, id=6984, stack(0x00000000577f0000,0x00000000578f0000)]
  0x0000000056151000 JavaThread "Service Thread" daemon [_thread_blocked, id=5812, stack(0x0000000056bd0000,0x0000000056cd0000)]
  0x0000000056145000 JavaThread "C1 CompilerThread2" daemon [_thread_blocked, id=7140, stack(0x0000000056a60000,0x0000000056b60000)]
  0x0000000056144000 JavaThread "C2 CompilerThread1" daemon [_thread_blocked, id=6548, stack(0x00000000565a0000,0x00000000566a0000)]
=>0x000000005613a800 JavaThread "C2 CompilerThread0" daemon [_thread_in_native, id=1216, stack(0x0000000056850000,0x0000000056950000)]
  0x0000000056139000 JavaThread "Attach Listener" daemon [_thread_blocked, id=5920, stack(0x00000000566a0000,0x00000000567a0000)]
  0x0000000056138800 JavaThread "Signal Dispatcher" daemon [_thread_blocked, id=564, stack(0x0000000055c60000,0x0000000055d60000)]
  0x0000000054dd9000 JavaThread "Finalizer" daemon [_thread_blocked, id=3908, stack(0x0000000056030000,0x0000000056130000)]
  0x0000000054d92000 JavaThread "Reference Handler" daemon [_thread_blocked, id=4072, stack(0x0000000055ed0000,0x0000000055fd0000)]
  0x00000000021df000 JavaThread "main" [_thread_blocked, id=6556, stack(0x00000000023a0000,0x00000000024a0000)]

Other Threads:
  0x0000000054d8a800 VMThread [stack: 0x0000000055d60000,0x0000000055e60000] [id=5200]
  0x000000005619a000 WatcherThread [stack: 0x0000000056d80000,0x0000000056e80000] [id=4684]

VM state:not at safepoint (normal execution)

VM Mutex/Monitor currently owned by a thread: None

Heap:
 PSYoungGen      total 73216K, used 53650K [0x00000000eab00000, 0x00000000efe00000, 0x0000000100000000)
  eden space 64512K, 71% used [0x00000000eab00000,0x00000000ed7d3928,0x00000000eea00000)
  from space 8704K, 89% used [0x00000000ef380000,0x00000000efb110a0,0x00000000efc00000)
  to   space 9728K, 0% used [0x00000000eea00000,0x00000000eea00000,0x00000000ef380000)
 ParOldGen       total 44032K, used 11717K [0x00000000c0000000, 0x00000000c2b00000, 0x00000000eab00000)
  object space 44032K, 26% used [0x00000000c0000000,0x00000000c0b71620,0x00000000c2b00000)
 Metaspace       used 6358K, capacity 7158K, committed 7296K, reserved 1056768K
  class space    used 609K, capacity 622K, committed 640K, reserved 1048576K

Card table byte_map: [0x0000000011860000,0x0000000011a70000] byte_map_base: 0x0000000011260000

Marking Bits: (ParMarkBitMap*) 0x0000000062070600
 Begin Bits: [0x0000000012200000, 0x0000000013200000)
 End Bits:   [0x0000000013200000, 0x0000000014200000)

Polling page: 0x00000000001d0000

CodeCache: size=245760Kb used=9080Kb max_used=9080Kb free=236679Kb
 bounds [0x00000000024a0000, 0x0000000002da0000, 0x00000000114a0000]
 total_blobs=2261 nmethods=1989 adapters=184
 compilation: enabled

Compilation events (10 events):
Event: 8.985 Thread 0x0000000056145000 2078       3       com.android.dx.util.ByteArray::<init> (9 bytes)
Event: 8.985 Thread 0x0000000056145000 nmethod 2078 0x0000000002d25550 code [0x0000000002d256c0, 0x0000000002d25848]
Event: 9.056 Thread 0x000000005613a800 nmethod 2077 0x0000000002d7ef90 code [0x0000000002d7f2a0, 0x0000000002d816d0]
Event: 9.093 Thread 0x0000000056145000 2079       3       java.util.concurrent.locks.AbstractQueuedSynchronizer$ConditionObject::await (98 bytes)
Event: 9.094 Thread 0x0000000056145000 nmethod 2079 0x0000000002d41550 code [0x0000000002d41800, 0x0000000002d429c8]
Event: 9.094 Thread 0x0000000056145000 2080       3       java.util.concurrent.locks.AbstractQueuedSynchronizer$ConditionObject::addConditionWaiter (64 bytes)
Event: 9.095 Thread 0x0000000056145000 nmethod 2080 0x0000000002d46210 code [0x0000000002d463a0, 0x0000000002d467c8]
Event: 9.128 Thread 0x0000000056145000 2081   !   3       com.android.dx.cf.cst.ConstantPoolParser::parse0 (731 bytes)
Event: 9.134 Thread 0x0000000056145000 nmethod 2081 0x0000000002d84050 code [0x0000000002d84a00, 0x0000000002d8afa8]
Event: 9.136 Thread 0x000000005613a800 2084       4       java.util.TreeMap::get (19 bytes)

GC Heap History (10 events):
Event: 1.741 GC heap before
{Heap before GC invocations=2 (full 0):
 PSYoungGen      total 18944K, used 18048K [0x00000000eab00000, 0x00000000ec000000, 0x0000000100000000)
  eden space 16384K, 100% used [0x00000000eab00000,0x00000000ebb00000,0x00000000ebb00000)
  from space 2560K, 65% used [0x00000000ebb00000,0x00000000ebca00e0,0x00000000ebd80000)
  to   space 2560K, 0% used [0x00000000ebd80000,0x00000000ebd80000,0x00000000ec000000)
 ParOldGen       total 44032K, used 8K [0x00000000c0000000, 0x00000000c2b00000, 0x00000000eab00000)
  object space 44032K, 0% used [0x00000000c0000000,0x00000000c0002000,0x00000000c2b00000)
 Metaspace       used 5857K, capacity 6708K, committed 6784K, reserved 1056768K
  class space    used 605K, capacity 620K, committed 640K, reserved 1048576K
Event: 1.781 GC heap after
Heap after GC invocations=2 (full 0):
 PSYoungGen      total 18944K, used 2529K [0x00000000eab00000, 0x00000000ed000000, 0x0000000100000000)
  eden space 16384K, 0% used [0x00000000eab00000,0x00000000eab00000,0x00000000ebb00000)
  from space 2560K, 98% used [0x00000000ebd80000,0x00000000ebff8798,0x00000000ec000000)
  to   space 2560K, 0% used [0x00000000ebb00000,0x00000000ebb00000,0x00000000ebd80000)
 ParOldGen       total 44032K, used 2481K [0x00000000c0000000, 0x00000000c2b00000, 0x00000000eab00000)
  object space 44032K, 5% used [0x00000000c0000000,0x00000000c026c4f8,0x00000000c2b00000)
 Metaspace       used 5857K, capacity 6708K, committed 6784K, reserved 1056768K
  class space    used 605K, capacity 620K, committed 640K, reserved 1048576K
}
Event: 2.113 GC heap before
{Heap before GC invocations=3 (full 0):
 PSYoungGen      total 18944K, used 18913K [0x00000000eab00000, 0x00000000ed000000, 0x0000000100000000)
  eden space 16384K, 100% used [0x00000000eab00000,0x00000000ebb00000,0x00000000ebb00000)
  from space 2560K, 98% used [0x00000000ebd80000,0x00000000ebff8798,0x00000000ec000000)
  to   space 2560K, 0% used [0x00000000ebb00000,0x00000000ebb00000,0x00000000ebd80000)
 ParOldGen       total 44032K, used 2481K [0x00000000c0000000, 0x00000000c2b00000, 0x00000000eab00000)
  object space 44032K, 5% used [0x00000000c0000000,0x00000000c026c4f8,0x00000000c2b00000)
 Metaspace       used 6044K, capacity 6900K, committed 7040K, reserved 1056768K
  class space    used 605K, capacity 620K, committed 640K, reserved 1048576K
Event: 2.221 GC heap after
Heap after GC invocations=3 (full 0):
 PSYoungGen      total 18944K, used 2554K [0x00000000eab00000, 0x00000000ed000000, 0x0000000100000000)
  eden space 16384K, 0% used [0x00000000eab00000,0x00000000eab00000,0x00000000ebb00000)
  from space 2560K, 99% used [0x00000000ebb00000,0x00000000ebd7eb78,0x00000000ebd80000)
  to   space 2560K, 0% used [0x00000000ecd80000,0x00000000ecd80000,0x00000000ed000000)
 ParOldGen       total 44032K, used 4574K [0x00000000c0000000, 0x00000000c2b00000, 0x00000000eab00000)
  object space 44032K, 10% used [0x00000000c0000000,0x00000000c04779d0,0x00000000c2b00000)
 Metaspace       used 6044K, capacity 6900K, committed 7040K, reserved 1056768K
  class space    used 605K, capacity 620K, committed 640K, reserved 1048576K
}
Event: 2.402 GC heap before
{Heap before GC invocations=4 (full 0):
 PSYoungGen      total 18944K, used 18938K [0x00000000eab00000, 0x00000000ed000000, 0x0000000100000000)
  eden space 16384K, 100% used [0x00000000eab00000,0x00000000ebb00000,0x00000000ebb00000)
  from space 2560K, 99% used [0x00000000ebb00000,0x00000000ebd7eb78,0x00000000ebd80000)
  to   space 2560K, 0% used [0x00000000ecd80000,0x00000000ecd80000,0x00000000ed000000)
 ParOldGen       total 44032K, used 4574K [0x00000000c0000000, 0x00000000c2b00000, 0x00000000eab00000)
  object space 44032K, 10% used [0x00000000c0000000,0x00000000c04779d0,0x00000000c2b00000)
 Metaspace       used 6158K, capacity 7030K, committed 7296K, reserved 1056768K
  class space    used 607K, capacity 622K, committed 640K, reserved 1048576K
Event: 2.475 GC heap after
Heap after GC invocations=4 (full 0):
 PSYoungGen      total 35328K, used 2543K [0x00000000eab00000, 0x00000000ed000000, 0x0000000100000000)
  eden space 32768K, 0% used [0x00000000eab00000,0x00000000eab00000,0x00000000ecb00000)
  from space 2560K, 99% used [0x00000000ecd80000,0x00000000ecffbde0,0x00000000ed000000)
  to   space 2560K, 0% used [0x00000000ecb00000,0x00000000ecb00000,0x00000000ecd80000)
 ParOldGen       total 44032K, used 7129K [0x00000000c0000000, 0x00000000c2b00000, 0x00000000eab00000)
  object space 44032K, 16% used [0x00000000c0000000,0x00000000c06f6660,0x00000000c2b00000)
 Metaspace       used 6158K, capacity 7030K, committed 7296K, reserved 1056768K
  class space    used 607K, capacity 622K, committed 640K, reserved 1048576K
}
Event: 2.801 GC heap before
{Heap before GC invocations=5 (full 0):
 PSYoungGen      total 35328K, used 35311K [0x00000000eab00000, 0x00000000ed000000, 0x0000000100000000)
  eden space 32768K, 100% used [0x00000000eab00000,0x00000000ecb00000,0x00000000ecb00000)
  from space 2560K, 99% used [0x00000000ecd80000,0x00000000ecffbde0,0x00000000ed000000)
  to   space 2560K, 0% used [0x00000000ecb00000,0x00000000ecb00000,0x00000000ecd80000)
 ParOldGen       total 44032K, used 7129K [0x00000000c0000000, 0x00000000c2b00000, 0x00000000eab00000)
  object space 44032K, 16% used [0x00000000c0000000,0x00000000c06f6660,0x00000000c2b00000)
 Metaspace       used 6175K, capacity 7030K, committed 7296K, reserved 1056768K
  class space    used 607K, capacity 622K, committed 640K, reserved 1048576K
Event: 2.896 GC heap after
Heap after GC invocations=5 (full 0):
 PSYoungGen      total 35328K, used 2559K [0x00000000eab00000, 0x00000000efc00000, 0x0000000100000000)
  eden space 32768K, 0% used [0x00000000eab00000,0x00000000eab00000,0x00000000ecb00000)
  from space 2560K, 99% used [0x00000000ecb00000,0x00000000ecd7fe08,0x00000000ecd80000)
  to   space 8704K, 0% used [0x00000000ef380000,0x00000000ef380000,0x00000000efc00000)
 ParOldGen       total 44032K, used 11717K [0x00000000c0000000, 0x00000000c2b00000, 0x00000000eab00000)
  object space 44032K, 26% used [0x00000000c0000000,0x00000000c0b71620,0x00000000c2b00000)
 Metaspace       used 6175K, capacity 7030K, committed 7296K, reserved 1056768K
  class space    used 607K, capacity 622K, committed 640K, reserved 1048576K
}
Event: 4.593 GC heap before
{Heap before GC invocations=6 (full 0):
 PSYoungGen      total 35328K, used 35327K [0x00000000eab00000, 0x00000000efc00000, 0x0000000100000000)
  eden space 32768K, 100% used [0x00000000eab00000,0x00000000ecb00000,0x00000000ecb00000)
  from space 2560K, 99% used [0x00000000ecb00000,0x00000000ecd7fe08,0x00000000ecd80000)
  to   space 8704K, 0% used [0x00000000ef380000,0x00000000ef380000,0x00000000efc00000)
 ParOldGen       total 44032K, used 11717K [0x00000000c0000000, 0x00000000c2b00000, 0x00000000eab00000)
  object space 44032K, 26% used [0x00000000c0000000,0x00000000c0b71620,0x00000000c2b00000)
 Metaspace       used 6297K, capacity 7094K, committed 7296K, reserved 1056768K
  class space    used 609K, capacity 622K, committed 640K, reserved 1048576K
Event: 4.767 GC heap after
Heap after GC invocations=6 (full 0):
 PSYoungGen      total 73216K, used 7748K [0x00000000eab00000, 0x00000000efe00000, 0x0000000100000000)
  eden space 64512K, 0% used [0x00000000eab00000,0x00000000eab00000,0x00000000eea00000)
  from space 8704K, 89% used [0x00000000ef380000,0x00000000efb110a0,0x00000000efc00000)
  to   space 9728K, 0% used [0x00000000eea00000,0x00000000eea00000,0x00000000ef380000)
 ParOldGen       total 44032K, used 11717K [0x00000000c0000000, 0x00000000c2b00000, 0x00000000eab00000)
  object space 44032K, 26% used [0x00000000c0000000,0x00000000c0b71620,0x00000000c2b00000)
 Metaspace       used 6297K, capacity 7094K, committed 7296K, reserved 1056768K
  class space    used 609K, capacity 622K, committed 640K, reserved 1048576K
}

Deoptimization events (10 events):
Event: 6.224 Thread 0x0000000056443000 Uncommon trap: reason=null_check action=make_not_entrant pc=0x0000000002bf3638 method=com.android.dx.cf.code.Ropper$CatchInfo.getSetup(Lcom/android/dx/rop/type/Type;)Lcom/android/dx/cf/code/Ropper$ExceptionHandlerSetup; @ 10
Event: 6.339 Thread 0x0000000056445800 Uncommon trap: reason=bimorphic action=maybe_recompile pc=0x0000000002a721d8 method=com.android.dx.cf.code.BytecodeArray.parseInstruction(ILcom/android/dx/cf/code/BytecodeArray$Visitor;)I @ 1130
Event: 6.339 Thread 0x0000000056445800 Uncommon trap: reason=bimorphic action=maybe_recompile pc=0x0000000002a721d8 method=com.android.dx.cf.code.BytecodeArray.parseInstruction(ILcom/android/dx/cf/code/BytecodeArray$Visitor;)I @ 1130
Event: 7.201 Thread 0x0000000056443000 Uncommon trap: reason=unstable_if action=reinterpret pc=0x0000000002c7e5f0 method=com.android.dx.cf.code.Ropper.isSynchronized()Z @ 12
Event: 7.201 Thread 0x0000000056443000 Uncommon trap: reason=unstable_if action=reinterpret pc=0x0000000002b540e4 method=com.android.dx.cf.code.Ropper.isSynchronized()Z @ 12
Event: 7.777 Thread 0x0000000056445800 Uncommon trap: reason=unstable_if action=reinterpret pc=0x0000000002ce3694 method=com.android.dx.cf.code.Ropper.addOrReplaceBlock(Lcom/android/dx/rop/code/BasicBlock;Lcom/android/dx/util/IntList;)Z @ 24
Event: 8.231 Thread 0x0000000056445800 Uncommon trap: reason=bimorphic action=maybe_recompile pc=0x0000000002c475d8 method=com.android.dx.cf.code.BytecodeArray.parseInstruction(ILcom/android/dx/cf/code/BytecodeArray$Visitor;)I @ 2281
Event: 8.231 Thread 0x0000000056445800 Uncommon trap: reason=bimorphic action=maybe_recompile pc=0x0000000002c475d8 method=com.android.dx.cf.code.BytecodeArray.parseInstruction(ILcom/android/dx/cf/code/BytecodeArray$Visitor;)I @ 2281
Event: 8.517 Thread 0x00000000021df000 Uncommon trap: reason=unstable_if action=reinterpret pc=0x0000000002cf7624 method=com.android.dx.cf.direct.StdAttributeFactory.parse0(Lcom/android/dx/cf/direct/DirectClassFile;ILjava/lang/String;IILcom/android/dx/cf/iface/ParseObserver;)Lcom/android/dx/cf/fø.5\A"@
Event: 9.128 Thread 0x00000000021df000 Uncommon trap: reason=unloaded action=reinterpret pc=0x0000000002af3d78 method=com.android.dx.cf.cst.ConstantPoolParser.parse0(ILjava/util/BitSet;)Lcom/android/dx/rop/cst/Constant; @ 220

Internal exceptions (4 events):
Event: 0.074 Thread 0x00000000021df000 Exception <a 'java/lang/NoSuchMethodError': Method sun.misc.Unsafe.defineClass(Ljava/lang/String;[BII)Ljava/lang/Class; name or signature does not match> (0x00000000eab07cc0) thrown at [D:\re\workspace\8-2-build-windows-amd64-cygwin\jdk8u77\6540\hotspot\sr¬Åá•∂÷≤?
Event: 0.074 Thread 0x00000000021df000 Exception <a 'java/lang/NoSuchMethodError': Method sun.misc.Unsafe.prefetchRead(Ljava/lang/Object;J)V name or signature does not match> (0x00000000eab07fa8) thrown at [D:\re\workspace\8-2-build-windows-amd64-cygwin\jdk8u77\6540\hotspot\src\share\vm\prims\j®nﬁo
Event: 2.004 Thread 0x0000000056443000 Implicit null exception at 0x00000000026e37a1 to 0x00000000026e4f01
Event: 6.224 Thread 0x0000000056443000 Implicit null exception at 0x0000000002bee77c to 0x0000000002bf35f9

Events (10 events):
Event: 8.231 Thread 0x0000000056445800 DEOPT UNPACKING pc=0x00000000024e582a sp=0x0000000057e6e4e0 mode 2
Event: 8.231 Thread 0x0000000056445800 Uncommon trap: trap_request=0xffffffc6 fr.pc=0x0000000002c475d8
Event: 8.231 Thread 0x0000000056445800 DEOPT PACKING pc=0x0000000002c475d8 sp=0x0000000057e6e3f0
Event: 8.231 Thread 0x0000000056445800 DEOPT UNPACKING pc=0x00000000024e582a sp=0x0000000057e6e380 mode 2
Event: 8.517 Thread 0x00000000021df000 Uncommon trap: trap_request=0xffffff65 fr.pc=0x0000000002cf7624
Event: 8.517 Thread 0x00000000021df000 DEOPT PACKING pc=0x0000000002cf7624 sp=0x000000000249e710
Event: 8.517 Thread 0x00000000021df000 DEOPT UNPACKING pc=0x00000000024e582a sp=0x000000000249e6b8 mode 2
Event: 9.128 Thread 0x00000000021df000 Uncommon trap: trap_request=0x000000d2 fr.pc=0x0000000002af3d78
Event: 9.128 Thread 0x00000000021df000 DEOPT PACKING pc=0x0000000002af3d78 sp=0x000000000249e680
Event: 9.128 Thread 0x00000000021df000 DEOPT UNPACKING pc=0x00000000024e582a sp=0x000000000249e6c0 mode 2


Dynamic libraries:
0x000000013f270000 - 0x000000013f2a7000 	C:\Program Files\Java\jdk1.8.0_77\bin\java.exe
0x0000000076cf0000 - 0x0000000076e99000 	C:\Windows\SYSTEM32\ntdll.dll
0x0000000076bd0000 - 0x0000000076cef000 	C:\Windows\system32\kernel32.dll
0x000007fefcb80000 - 0x000007fefcbec000 	C:\Windows\system32\KERNELBASE.dll
0x000007fefeec0000 - 0x000007fefef9b000 	C:\Windows\system32\ADVAPI32.dll
0x000007fefeb60000 - 0x000007fefebff000 	C:\Windows\system32\msvcrt.dll
0x000007fefe6a0000 - 0x000007fefe6bf000 	C:\Windows\SYSTEM32\sechost.dll
0x000007fefed90000 - 0x000007fefeebd000 	C:\Windows\system32\RPCRT4.dll
0x0000000076ad0000 - 0x0000000076bca000 	C:\Windows\system32\USER32.dll
0x000007fefe360000 - 0x000007fefe3c7000 	C:\Windows\system32\GDI32.dll
0x000007fefe120000 - 0x000007fefe12e000 	C:\Windows\system32\LPK.dll
0x000007fefe3f0000 - 0x000007fefe4b9000 	C:\Windows\system32\USP10.dll
0x000007fefb270000 - 0x000007fefb464000 	C:\Windows\WinSxS\amd64_microsoft.windows.common-controls_6595b64144ccf1df_6.0.7601.17514_none_fa396087175ac9ac\COMCTL32.dll
0x000007fefd060000 - 0x000007fefd0d1000 	C:\Windows\system32\SHLWAPI.dll
0x000007fefece0000 - 0x000007fefed0e000 	C:\Windows\system32\IMM32.DLL
0x000007fefd0f0000 - 0x000007fefd1f9000 	C:\Windows\system32\MSCTF.dll
0x0000000066110000 - 0x00000000661e2000 	C:\Program Files\Java\jdk1.8.0_77\jre\bin\msvcr100.dll
0x0000000061860000 - 0x00000000620f0000 	C:\Program Files\Java\jdk1.8.0_77\jre\bin\server\jvm.dll
0x000007fefb480000 - 0x000007fefb489000 	C:\Windows\system32\WSOCK32.dll
0x000007fefe030000 - 0x000007fefe07d000 	C:\Windows\system32\WS2_32.dll
0x000007fefd0e0000 - 0x000007fefd0e8000 	C:\Windows\system32\NSI.dll
0x000007fef9300000 - 0x000007fef933b000 	C:\Windows\system32\WINMM.dll
0x000007fefbc10000 - 0x000007fefbc1c000 	C:\Windows\system32\VERSION.dll
0x0000000076eb0000 - 0x0000000076eb7000 	C:\Windows\system32\PSAPI.DLL
0x0000000072e30000 - 0x0000000072e3f000 	C:\Program Files\Java\jdk1.8.0_77\jre\bin\verify.dll
0x0000000070890000 - 0x00000000708b9000 	C:\Program Files\Java\jdk1.8.0_77\jre\bin\java.dll
0x00000000717c0000 - 0x00000000717d6000 	C:\Program Files\Java\jdk1.8.0_77\jre\bin\zip.dll
0x000007fefd200000 - 0x000007fefdf88000 	C:\Windows\system32\SHELL32.dll
0x000007fefe6c0000 - 0x000007fefe8c3000 	C:\Windows\system32\ole32.dll
0x000007fefcad0000 - 0x000007fefcadf000 	C:\Windows\system32\profapi.dll

VM Arguments:
jvm_args: -Djava.awt.headless=true -Xmx1024M -Dfile.encoding=GBK -Duser.country=CN -Duser.language=zh -Duser.variant 
java_command: com.android.dx.command.Main --dex --force-jumbo --num-threads=4 --multi-dex --output D:\space\Sheng\app\build\intermediates\transforms\dex\debug\folders\1000\10\com.android.support-support-v4-23.4.0_0aa9f720d2323539096bed72cb26f30282d02322 D:\space\Sheng\app\build\intermediates\exploded-aar\com.android.support\support-v4\23.4.0\jars\classes.jar
java_class_path (initial): D:\studio-sdk\build-tools\23.0.3\lib\dx.jar
Launcher Type: SUN_STANDARD

Environment Variables:
JAVA_HOME=C:\Program Files\Java\jdk1.8.0_77
CLASSPATH=.;C:\Program Files\Java\jdk1.8.0_77/lib/
PATH=C:\Program Files\Java\jdk1.8.0_77\bin;C:\ProgramData\Oracle\Java\javapath;C:\Windows\system32;C:\Windows;C:\Windows\System32\Wbem;C:\Windows\System32\WindowsPowerShell\v1.0\;C:\Program Files (x86)\NVIDIA Corporation\PhysX\Common;D:\studio-sdk\platform-tools;D:\s\gradle\gradle-1.10-all\gradle-1.10\bin;D:\Program Files\Git\cmd
USERNAME=Administrator
OS=Windows_NT
PROCESSOR_IDENTIFIER=Intel64 Family 6 Model 60 Stepping 3, GenuineIntel



---------------  S Y S T E M  ---------------

OS: Windows 7 , 64 bit Build 7601 (6.1.7601.17932)

CPU:total 4 (2 cores per cpu, 2 threads per core) family 6 model 60 stepping 3, cmov, cx8, fxsr, mmx, sse, sse2, sse3, ssse3, sse4.1, sse4.2, popcnt, avx, avx2, aes, clmul, erms, lzcnt, ht, tsc, tscinvbit, bmi1, bmi2

Memory: 4k page, physical 4092180k(421516k free), swap 5138904k(5140k free)

vm_info: Java HotSpot(TM) 64-Bit Server VM (25.77-b03) for windows-amd64 JRE (1.8.0_77-b03), built on Mar 20 2016 22:01:33 by "java_re" with MS VC++ 10.0 (VS2010)

time: Mon Jun 13 14:29:05 2016
elapsed time: 9 seconds (0d 0h 0m 9s)

