#
# There is insufficient memory for the Java Runtime Environment to continue.
# Native memory allocation (malloc) failed to allocate 355536 bytes for Chunk::new
# Possible reasons:
#   The system is out of physical RAM or swap space
#   In 32 bit mode, the process size limit was hit
# Possible solutions:
#   Reduce memory load on the system
#   Increase physical memory or swap space
#   Check if swap backing store is full
#   Use 64 bit Java on a 64 bit OS
#   Decrease Java heap size (-Xmx/-Xms)
#   Decrease number of Java threads
#   Decrease Java thread stack sizes (-Xss)
#   Set larger code cache with -XX:ReservedCodeCacheSize=
# This output file may be truncated or incomplete.
#
#  Out of Memory Error (allocation.cpp:390), pid=5476, tid=1192
#
# JRE version: Java(TM) SE Runtime Environment (8.0_77-b03) (build 1.8.0_77-b03)
# Java VM: Java HotSpot(TM) 64-Bit Server VM (25.77-b03 mixed mode windows-amd64 compressed oops)
# Failed to write core dump. Minidumps are not enabled by default on client versions of Windows
#

---------------  T H R E A D  ---------------

Current thread (0x00000000561ca800):  JavaThread "C2 CompilerThread0" daemon [_thread_in_native, id=1192, stack(0x0000000056880000,0x0000000056980000)]

Stack: [0x0000000056880000,0x0000000056980000]
[error occurred during error reporting (printing stack bounds), id 0xc0000005]

Native frames: (J=compiled Java code, j=interpreted, Vv=VM code, C=native code)


Current CompileTask:
C2:  10353 2230   !   4       com.android.dx.rop.code.RegisterSpec::intern (70 bytes)


---------------  P R O C E S S  ---------------

Java Threads: ( => current thread )
  0x000000005651f800 JavaThread "pool-2-thread-4" [_thread_blocked, id=3456, stack(0x0000000057c30000,0x0000000057d30000)]
  0x0000000056478800 JavaThread "pool-2-thread-3" [_thread_blocked, id=6944, stack(0x0000000057670000,0x0000000057770000)]
  0x000000005647f000 JavaThread "pool-2-thread-2" [_thread_blocked, id=6300, stack(0x0000000057ad0000,0x0000000057bd0000)]
  0x000000005654b000 JavaThread "pool-3-thread-1" [_thread_blocked, id=3468, stack(0x00000000578e0000,0x00000000579e0000)]
  0x000000005649f800 JavaThread "pool-2-thread-1" [_thread_in_vm, id=4408, stack(0x0000000057790000,0x0000000057890000)]
  0x0000000056234000 JavaThread "Service Thread" daemon [_thread_blocked, id=6308, stack(0x0000000056d50000,0x0000000056e50000)]
  0x0000000056231000 JavaThread "C1 CompilerThread2" daemon [_thread_in_vm, id=2836, stack(0x0000000056be0000,0x0000000056ce0000)]
  0x00000000561d8000 JavaThread "C2 CompilerThread1" daemon [_thread_blocked, id=1888, stack(0x0000000056ad0000,0x0000000056bd0000)]
=>0x00000000561ca800 JavaThread "C2 CompilerThread0" daemon [_thread_in_native, id=1192, stack(0x0000000056880000,0x0000000056980000)]
  0x00000000561c9000 JavaThread "Attach Listener" daemon [_thread_blocked, id=6632, stack(0x0000000056730000,0x0000000056830000)]
  0x00000000561c8800 JavaThread "Signal Dispatcher" daemon [_thread_blocked, id=6468, stack(0x0000000055c70000,0x0000000055d70000)]
  0x0000000054cd9000 JavaThread "Finalizer" daemon [_thread_blocked, id=6252, stack(0x00000000560c0000,0x00000000561c0000)]
  0x0000000054c92000 JavaThread "Reference Handler" daemon [_thread_blocked, id=4784, stack(0x0000000055f70000,0x0000000056070000)]
  0x000000000226f000 JavaThread "main" [_thread_blocked, id=5988, stack(0x0000000002430000,0x0000000002530000)]

Other Threads:
  0x0000000054c8a800 VMThread [stack: 0x0000000055da0000,0x0000000055ea0000] [id=1216]
  0x0000000056297000 WatcherThread [stack: 0x00000000569b0000,0x0000000056ab0000] [id=6552]

VM state:not at safepoint (normal execution)

VM Mutex/Monitor currently owned by a thread: None

Heap:
 PSYoungGen      total 142336K, used 49447K [0x00000000eab00000, 0x00000000f4900000, 0x0000000100000000)
  eden space 129024K, 28% used [0x00000000eab00000,0x00000000ecead300,0x00000000f2900000)
  from space 13312K, 97% used [0x00000000f3800000,0x00000000f449ca00,0x00000000f4500000)
  to   space 15360K, 0% used [0x00000000f2900000,0x00000000f2900000,0x00000000f3800000)
 ParOldGen       total 44032K, used 23191K [0x00000000c0000000, 0x00000000c2b00000, 0x00000000eab00000)
  object space 44032K, 52% used [0x00000000c0000000,0x00000000c16a5c70,0x00000000c2b00000)
 Metaspace       used 6513K, capacity 7192K, committed 7424K, reserved 1056768K
  class space    used 629K, capacity 656K, committed 768K, reserved 1048576K

Card table byte_map: [0x00000000118f0000,0x0000000011b00000] byte_map_base: 0x00000000112f0000

Marking Bits: (ParMarkBitMap*) 0x0000000070710600
 Begin Bits: [0x0000000012100000, 0x0000000013100000)
 End Bits:   [0x0000000013100000, 0x0000000014100000)

Polling page: 0x0000000000140000

CodeCache: size=245760Kb used=10620Kb max_used=10631Kb free=235139Kb
 bounds [0x0000000002530000, 0x0000000002fa0000, 0x0000000011530000]
 total_blobs=2465 nmethods=2193 adapters=184
 compilation: enabled

Compilation events (10 events):
Event: 10.284 Thread 0x00000000561d8000 2231       4       com.android.dx.rop.cst.Constant::<init> (5 bytes)
Event: 10.284 Thread 0x00000000561d8000 nmethod 2231 0x0000000002be9b90 code [0x0000000002be9cc0, 0x0000000002be9d18]
Event: 10.312 Thread 0x0000000056231000 2232   !   3       java.util.concurrent.locks.AbstractQueuedSynchronizer::fullyRelease (54 bytes)
Event: 10.313 Thread 0x0000000056231000 nmethod 2232 0x0000000002f77350 code [0x0000000002f77500, 0x0000000002f77ac8]
Event: 10.321 Thread 0x0000000056231000 2233       3       com.android.dx.cf.attrib.InnerClassList::<init> (6 bytes)
Event: 10.321 Thread 0x0000000056231000 nmethod 2233 0x0000000002f726d0 code [0x0000000002f72840, 0x0000000002f729c8]
Event: 10.321 Thread 0x0000000056231000 2234   !   3       com.android.dx.cf.attrib.AttInnerClasses::<init> (43 bytes)
Event: 10.321 Thread 0x0000000056231000 nmethod 2234 0x0000000002f87fd0 code [0x0000000002f88180, 0x0000000002f88678]
Event: 10.321 Thread 0x0000000056231000 2235       3       com.android.dx.cf.attrib.AttInnerClasses::byteLength (14 bytes)
Event: 10.321 Thread 0x0000000056231000 nmethod 2235 0x0000000002f87b10 code [0x0000000002f87c80, 0x0000000002f87ed0]

GC Heap History (10 events):
Event: 1.054 GC heap before
{Heap before GC invocations=2 (full 0):
 PSYoungGen      total 18944K, used 18933K [0x00000000eab00000, 0x00000000ed000000, 0x0000000100000000)
  eden space 16384K, 100% used [0x00000000eab00000,0x00000000ebb00000,0x00000000ebb00000)
  from space 2560K, 99% used [0x00000000ebb00000,0x00000000ebd7d7a0,0x00000000ebd80000)
  to   space 2560K, 0% used [0x00000000ecd80000,0x00000000ecd80000,0x00000000ed000000)
 ParOldGen       total 44032K, used 1160K [0x00000000c0000000, 0x00000000c2b00000, 0x00000000eab00000)
  object space 44032K, 2% used [0x00000000c0000000,0x00000000c01220c8,0x00000000c2b00000)
 Metaspace       used 5987K, capacity 6838K, committed 7040K, reserved 1056768K
  class space    used 607K, capacity 622K, committed 640K, reserved 1048576K
Event: 1.116 GC heap after
Heap after GC invocations=2 (full 0):
 PSYoungGen      total 35328K, used 2544K [0x00000000eab00000, 0x00000000ed000000, 0x0000000100000000)
  eden space 32768K, 0% used [0x00000000eab00000,0x00000000eab00000,0x00000000ecb00000)
  from space 2560K, 99% used [0x00000000ecd80000,0x00000000ecffc2e8,0x00000000ed000000)
  to   space 2560K, 0% used [0x00000000ecb00000,0x00000000ecb00000,0x00000000ecd80000)
 ParOldGen       total 44032K, used 3397K [0x00000000c0000000, 0x00000000c2b00000, 0x00000000eab00000)
  object space 44032K, 7% used [0x00000000c0000000,0x00000000c0351610,0x00000000c2b00000)
 Metaspace       used 5987K, capacity 6838K, committed 7040K, reserved 1056768K
  class space    used 607K, capacity 622K, committed 640K, reserved 1048576K
}
Event: 2.899 GC heap before
{Heap before GC invocations=3 (full 0):
 PSYoungGen      total 35328K, used 35312K [0x00000000eab00000, 0x00000000ed000000, 0x0000000100000000)
  eden space 32768K, 100% used [0x00000000eab00000,0x00000000ecb00000,0x00000000ecb00000)
  from space 2560K, 99% used [0x00000000ecd80000,0x00000000ecffc2e8,0x00000000ed000000)
  to   space 2560K, 0% used [0x00000000ecb00000,0x00000000ecb00000,0x00000000ecd80000)
 ParOldGen       total 44032K, used 3397K [0x00000000c0000000, 0x00000000c2b00000, 0x00000000eab00000)
  object space 44032K, 7% used [0x00000000c0000000,0x00000000c0351610,0x00000000c2b00000)
 Metaspace       used 6203K, capacity 7030K, committed 7296K, reserved 1056768K
  class space    used 608K, capacity 622K, committed 640K, reserved 1048576K
Event: 2.924 GC heap after
Heap after GC invocations=3 (full 0):
 PSYoungGen      total 35328K, used 2558K [0x00000000eab00000, 0x00000000ef000000, 0x0000000100000000)
  eden space 32768K, 0% used [0x00000000eab00000,0x00000000eab00000,0x00000000ecb00000)
  from space 2560K, 99% used [0x00000000ecb00000,0x00000000ecd7fb30,0x00000000ecd80000)
  to   space 2560K, 0% used [0x00000000eed80000,0x00000000eed80000,0x00000000ef000000)
 ParOldGen       total 44032K, used 8184K [0x00000000c0000000, 0x00000000c2b00000, 0x00000000eab00000)
  object space 44032K, 18% used [0x00000000c0000000,0x00000000c07fe120,0x00000000c2b00000)
 Metaspace       used 6203K, capacity 7030K, committed 7296K, reserved 1056768K
  class space    used 608K, capacity 622K, committed 640K, reserved 1048576K
}
Event: 5.473 GC heap before
{Heap before GC invocations=4 (full 0):
 PSYoungGen      total 35328K, used 35326K [0x00000000eab00000, 0x00000000ef000000, 0x0000000100000000)
  eden space 32768K, 100% used [0x00000000eab00000,0x00000000ecb00000,0x00000000ecb00000)
  from space 2560K, 99% used [0x00000000ecb00000,0x00000000ecd7fb30,0x00000000ecd80000)
  to   space 2560K, 0% used [0x00000000eed80000,0x00000000eed80000,0x00000000ef000000)
 ParOldGen       total 44032K, used 8184K [0x00000000c0000000, 0x00000000c2b00000, 0x00000000eab00000)
  object space 44032K, 18% used [0x00000000c0000000,0x00000000c07fe120,0x00000000c2b00000)
 Metaspace       used 6289K, capacity 7094K, committed 7296K, reserved 1056768K
  class space    used 608K, capacity 622K, committed 640K, reserved 1048576K
Event: 5.529 GC heap after
Heap after GC invocations=4 (full 0):
 PSYoungGen      total 68096K, used 2548K [0x00000000eab00000, 0x00000000ef000000, 0x0000000100000000)
  eden space 65536K, 0% used [0x00000000eab00000,0x00000000eab00000,0x00000000eeb00000)
  from space 2560K, 99% used [0x00000000eed80000,0x00000000eeffd3b0,0x00000000ef000000)
  to   space 2560K, 0% used [0x00000000eeb00000,0x00000000eeb00000,0x00000000eed80000)
 ParOldGen       total 44032K, used 13086K [0x00000000c0000000, 0x00000000c2b00000, 0x00000000eab00000)
  object space 44032K, 29% used [0x00000000c0000000,0x00000000c0cc7930,0x00000000c2b00000)
 Metaspace       used 6289K, capacity 7094K, committed 7296K, reserved 1056768K
  class space    used 608K, capacity 622K, committed 640K, reserved 1048576K
}
Event: 8.035 GC heap before
{Heap before GC invocations=5 (full 0):
 PSYoungGen      total 68096K, used 68084K [0x00000000eab00000, 0x00000000ef000000, 0x0000000100000000)
  eden space 65536K, 100% used [0x00000000eab00000,0x00000000eeb00000,0x00000000eeb00000)
  from space 2560K, 99% used [0x00000000eed80000,0x00000000eeffd3b0,0x00000000ef000000)
  to   space 2560K, 0% used [0x00000000eeb00000,0x00000000eeb00000,0x00000000eed80000)
 ParOldGen       total 44032K, used 13086K [0x00000000c0000000, 0x00000000c2b00000, 0x00000000eab00000)
  object space 44032K, 29% used [0x00000000c0000000,0x00000000c0cc7930,0x00000000c2b00000)
 Metaspace       used 6350K, capacity 7158K, committed 7296K, reserved 1056768K
  class space    used 609K, capacity 622K, committed 640K, reserved 1048576K
Event: 8.070 GC heap after
Heap after GC invocations=5 (full 0):
 PSYoungGen      total 68096K, used 2532K [0x00000000eab00000, 0x00000000f4500000, 0x0000000100000000)
  eden space 65536K, 0% used [0x00000000eab00000,0x00000000eab00000,0x00000000eeb00000)
  from space 2560K, 98% used [0x00000000eeb00000,0x00000000eed793e0,0x00000000eed80000)
  to   space 13312K, 0% used [0x00000000f3800000,0x00000000f3800000,0x00000000f4500000)
 ParOldGen       total 44032K, used 23191K [0x00000000c0000000, 0x00000000c2b00000, 0x00000000eab00000)
  object space 44032K, 52% used [0x00000000c0000000,0x00000000c16a5c70,0x00000000c2b00000)
 Metaspace       used 6350K, capacity 7158K, committed 7296K, reserved 1056768K
  class space    used 609K, capacity 622K, committed 640K, reserved 1048576K
}
Event: 9.215 GC heap before
{Heap before GC invocations=6 (full 0):
 PSYoungGen      total 68096K, used 68068K [0x00000000eab00000, 0x00000000f4500000, 0x0000000100000000)
  eden space 65536K, 100% used [0x00000000eab00000,0x00000000eeb00000,0x00000000eeb00000)
  from space 2560K, 98% used [0x00000000eeb00000,0x00000000eed793e0,0x00000000eed80000)
  to   space 13312K, 0% used [0x00000000f3800000,0x00000000f3800000,0x00000000f4500000)
 ParOldGen       total 44032K, used 23191K [0x00000000c0000000, 0x00000000c2b00000, 0x00000000eab00000)
  object space 44032K, 52% used [0x00000000c0000000,0x00000000c16a5c70,0x00000000c2b00000)
 Metaspace       used 6460K, capacity 7192K, committed 7424K, reserved 1056768K
  class space    used 629K, capacity 656K, committed 768K, reserved 1048576K
Event: 9.362 GC heap after
Heap after GC invocations=6 (full 0):
 PSYoungGen      total 142336K, used 12914K [0x00000000eab00000, 0x00000000f4900000, 0x0000000100000000)
  eden space 129024K, 0% used [0x00000000eab00000,0x00000000eab00000,0x00000000f2900000)
  from space 13312K, 97% used [0x00000000f3800000,0x00000000f449ca00,0x00000000f4500000)
  to   space 15360K, 0% used [0x00000000f2900000,0x00000000f2900000,0x00000000f3800000)
 ParOldGen       total 44032K, used 23191K [0x00000000c0000000, 0x00000000c2b00000, 0x00000000eab00000)
  object space 44032K, 52% used [0x00000000c0000000,0x00000000c16a5c70,0x00000000c2b00000)
 Metaspace       used 6460K, capacity 7192K, committed 7424K, reserved 1056768K
  class space    used 629K, capacity 656K, committed 768K, reserved 1048576K
}

Deoptimization events (10 events):
Event: 8.755 Thread 0x000000005651f800 Uncommon trap: reason=unstable_if action=reinterpret pc=0x0000000002e35c00 method=com.android.dx.cf.code.Ropper.isSynchronized()Z @ 12
Event: 8.755 Thread 0x000000005651f800 Uncommon trap: reason=unstable_if action=reinterpret pc=0x0000000002a6a330 method=com.android.dx.ssa.MoveParamCombiner$1.visitNonMoveInsn(Lcom/android/dx/ssa/NormalSsaInsn;)V @ 27
Event: 8.789 Thread 0x000000005649f800 Uncommon trap: reason=class_check action=maybe_recompile pc=0x0000000002d93634 method=com.android.dx.cf.code.RopperMachine.run(Lcom/android/dx/cf/code/Frame;II)V @ 1024
Event: 9.141 Thread 0x000000005647f000 Uncommon trap: reason=bimorphic action=maybe_recompile pc=0x0000000002e5b21c method=com.android.dx.rop.code.RegisterSpec.withSimpleType()Lcom/android/dx/rop/code/RegisterSpec; @ 21
Event: 9.144 Thread 0x000000005647f000 Uncommon trap: reason=unstable_if action=reinterpret pc=0x0000000002f10634 method=java.util.HashMap.putVal(ILjava/lang/Object;Ljava/lang/Object;ZZ)Ljava/lang/Object; @ 206
Event: 9.144 Thread 0x000000005647f000 Uncommon trap: reason=unstable_if action=reinterpret pc=0x0000000002e6b394 method=java.util.HashMap.putVal(ILjava/lang/Object;Ljava/lang/Object;ZZ)Ljava/lang/Object; @ 206
Event: 9.184 Thread 0x000000005647f000 Uncommon trap: reason=bimorphic action=maybe_recompile pc=0x0000000002e5b21c method=com.android.dx.rop.code.RegisterSpec.withSimpleType()Lcom/android/dx/rop/code/RegisterSpec; @ 21
Event: 9.204 Thread 0x000000005647f000 Uncommon trap: reason=unstable_if action=reinterpret pc=0x0000000002be3e04 method=java.util.HashMap.resize()[Ljava/util/HashMap$Node; @ 206
Event: 10.180 Thread 0x000000005647f000 Uncommon trap: reason=unstable_if action=reinterpret pc=0x0000000002e6443c method=java.util.HashMap.putVal(ILjava/lang/Object;Ljava/lang/Object;ZZ)Ljava/lang/Object; @ 109
Event: 10.180 Thread 0x000000005647f000 Uncommon trap: reason=unstable_if action=reinterpret pc=0x0000000002767630 method=java.util.HashMap.getNode(ILjava/lang/Object;)Ljava/util/HashMap$Node; @ 84

Internal exceptions (6 events):
Event: 0.049 Thread 0x000000000226f000 Exception <a 'java/lang/NoSuchMethodError': Method sun.misc.Unsafe.defineClass(Ljava/lang/String;[BII)Ljava/lang/Class; name or signature does not match> (0x00000000eab07cc0) thrown at [D:\re\workspace\8-2-build-windows-amd64-cygwin\jdk8u77\6540\hotspot\srÈ4-µéç¨?
Event: 0.049 Thread 0x000000000226f000 Exception <a 'java/lang/NoSuchMethodError': Method sun.misc.Unsafe.prefetchRead(Ljava/lang/Object;J)V name or signature does not match> (0x00000000eab07fa8) thrown at [D:\re\workspace\8-2-build-windows-amd64-cygwin\jdk8u77\6540\hotspot\src\share\vm\prims\jD"Z‚ð?
Event: 1.003 Thread 0x000000000226f000 Implicit null exception at 0x00000000028307f3 to 0x0000000002832971
Event: 8.078 Thread 0x000000005649f800 Exception <a 'java/lang/ArrayIndexOutOfBoundsException': 18> (0x00000000eac75e88) thrown at [D:\re\workspace\8-2-build-windows-amd64-cygwin\jdk8u77\6540\hotspot\src\share\vm\interpreter\interpreterRuntime.cpp, line 366]
Event: 8.078 Thread 0x000000005649f800 Exception <a 'java/lang/ArrayIndexOutOfBoundsException': 145> (0x00000000eac77a08) thrown at [D:\re\workspace\8-2-build-windows-amd64-cygwin\jdk8u77\6540\hotspot\src\share\vm\interpreter\interpreterRuntime.cpp, line 366]
Event: 8.078 Thread 0x000000005649f800 Exception <a 'java/lang/ArrayIndexOutOfBoundsException'> (0x00000000eac78cf0) thrown at [D:\re\workspace\8-2-build-windows-amd64-cygwin\jdk8u77\6540\hotspot\src\share\vm\runtime\sharedRuntime.cpp, line 605]

Events (10 events):
Event: 9.204 Thread 0x000000005647f000 DEOPT PACKING pc=0x0000000002be3e04 sp=0x0000000057bce630
Event: 9.204 Thread 0x000000005647f000 DEOPT UNPACKING pc=0x000000000257582a sp=0x0000000057bce598 mode 2
Event: 9.215 Executing VM operation: ParallelGCFailedAllocation
Event: 9.362 Executing VM operation: ParallelGCFailedAllocation done
Event: 10.180 Thread 0x000000005647f000 Uncommon trap: trap_request=0xffffff65 fr.pc=0x0000000002e6443c
Event: 10.180 Thread 0x000000005647f000 DEOPT PACKING pc=0x0000000002e6443c sp=0x0000000057bce740
Event: 10.180 Thread 0x000000005647f000 DEOPT UNPACKING pc=0x000000000257582a sp=0x0000000057bce5e8 mode 2
Event: 10.180 Thread 0x000000005647f000 Uncommon trap: trap_request=0xffffff65 fr.pc=0x0000000002767630
Event: 10.180 Thread 0x000000005647f000 DEOPT PACKING pc=0x0000000002767630 sp=0x0000000057bce750
Event: 10.180 Thread 0x000000005647f000 DEOPT UNPACKING pc=0x000000000257582a sp=0x0000000057bce670 mode 2


Dynamic libraries:
0x000000013f730000 - 0x000000013f767000 	C:\Program Files\Java\jdk1.8.0_77\bin\java.exe
0x00000000770d0000 - 0x0000000077279000 	C:\Windows\SYSTEM32\ntdll.dll
0x0000000076eb0000 - 0x0000000076fcf000 	C:\Windows\system32\kernel32.dll
0x000007fefcfd0000 - 0x000007fefd03c000 	C:\Windows\system32\KERNELBASE.dll
0x000007fefd920000 - 0x000007fefd9fb000 	C:\Windows\system32\ADVAPI32.dll
0x000007fefed40000 - 0x000007fefeddf000 	C:\Windows\system32\msvcrt.dll
0x000007fefe9d0000 - 0x000007fefe9ef000 	C:\Windows\SYSTEM32\sechost.dll
0x000007feff000000 - 0x000007feff12d000 	C:\Windows\system32\RPCRT4.dll
0x0000000076fd0000 - 0x00000000770ca000 	C:\Windows\system32\USER32.dll
0x000007fefd8b0000 - 0x000007fefd917000 	C:\Windows\system32\GDI32.dll
0x000007fefeff0000 - 0x000007fefeffe000 	C:\Windows\system32\LPK.dll
0x000007fefdb60000 - 0x000007fefdc29000 	C:\Windows\system32\USP10.dll
0x000007fefb650000 - 0x000007fefb844000 	C:\Windows\WinSxS\amd64_microsoft.windows.common-controls_6595b64144ccf1df_6.0.7601.17514_none_fa396087175ac9ac\COMCTL32.dll
0x000007fefea90000 - 0x000007fefeb01000 	C:\Windows\system32\SHLWAPI.dll
0x000007fefd360000 - 0x000007fefd38e000 	C:\Windows\system32\IMM32.DLL
0x000007fefd4d0000 - 0x000007fefd5d9000 	C:\Windows\system32\MSCTF.dll
0x0000000068760000 - 0x0000000068832000 	C:\Program Files\Java\jdk1.8.0_77\jre\bin\msvcr100.dll
0x000000006ff00000 - 0x0000000070790000 	C:\Program Files\Java\jdk1.8.0_77\jre\bin\server\jvm.dll
0x000007feeef80000 - 0x000007feeef89000 	C:\Windows\system32\WSOCK32.dll
0x000007fefecf0000 - 0x000007fefed3d000 	C:\Windows\system32\WS2_32.dll
0x000007fefe9c0000 - 0x000007fefe9c8000 	C:\Windows\system32\NSI.dll
0x000007fef9690000 - 0x000007fef96cb000 	C:\Windows\system32\WINMM.dll
0x000007fefbff0000 - 0x000007fefbffc000 	C:\Windows\system32\VERSION.dll
0x0000000077290000 - 0x0000000077297000 	C:\Windows\system32\PSAPI.DLL
0x0000000072f50000 - 0x0000000072f5f000 	C:\Program Files\Java\jdk1.8.0_77\jre\bin\verify.dll
0x0000000072f20000 - 0x0000000072f49000 	C:\Program Files\Java\jdk1.8.0_77\jre\bin\java.dll
0x0000000072e60000 - 0x0000000072e76000 	C:\Program Files\Java\jdk1.8.0_77\jre\bin\zip.dll
0x000007fefdc30000 - 0x000007fefe9b8000 	C:\Windows\system32\SHELL32.dll
0x000007fefede0000 - 0x000007fefefe3000 	C:\Windows\system32\ole32.dll
0x000007fefceb0000 - 0x000007fefcebf000 	C:\Windows\system32\profapi.dll

VM Arguments:
jvm_args: -Djava.awt.headless=true -Xmx1024M -Dfile.encoding=GBK -Duser.country=CN -Duser.language=zh -Duser.variant 
java_command: com.android.dx.command.Main --dex --force-jumbo --num-threads=4 --multi-dex --output D:\space\Sheng\app\build\intermediates\transforms\dex\debug\folders\1000\10\com.android.support-appcompat-v7-23.4.0_4597b2087e5e70072cbd4203f5f503a0799738b4 D:\space\Sheng\app\build\intermediates\exploded-aar\com.android.support\appcompat-v7\23.4.0\jars\classes.jar
java_class_path (initial): D:\studio-sdk\build-tools\23.0.3\lib\dx.jar
Launcher Type: SUN_STANDARD

Environment Variables:
JAVA_HOME=C:\Program Files\Java\jdk1.8.0_77
CLASSPATH=.;C:\Program Files\Java\jdk1.8.0_77/lib/
PATH=C:\Program Files\Java\jdk1.8.0_77\bin;C:\ProgramData\Oracle\Java\javapath;C:\Windows\system32;C:\Windows;C:\Windows\System32\Wbem;C:\Windows\System32\WindowsPowerShell\v1.0\;C:\Program Files (x86)\NVIDIA Corporation\PhysX\Common;D:\studio-sdk\platform-tools;D:\s\gradle\gradle-1.10-all\gradle-1.10\bin;D:\Program Files\Git\cmd
USERNAME=Administrator
OS=Windows_NT
PROCESSOR_IDENTIFIER=Intel64 Family 6 Model 60 Stepping 3, GenuineIntel



---------------  S Y S T E M  ---------------

OS: Windows 7 , 64 bit Build 7601 (6.1.7601.17932)

CPU:total 4 (2 cores per cpu, 2 threads per core) family 6 model 60 stepping 3, cmov, cx8, fxsr, mmx, sse, sse2, sse3, ssse3, sse4.1, sse4.2, popcnt, avx, avx2, aes, clmul, erms, lzcnt, ht, tsc, tscinvbit, bmi1, bmi2

Memory: 4k page, physical 4092180k(375688k free), swap 5138904k(145144k free)

vm_info: Java HotSpot(TM) 64-Bit Server VM (25.77-b03) for windows-amd64 JRE (1.8.0_77-b03), built on Mar 20 2016 22:01:33 by "java_re" with MS VC++ 10.0 (VS2010)

time: Mon Jun 13 15:20:30 2016
elapsed time: 10 seconds (0d 0h 0m 10s)

