#
# There is insufficient memory for the Java Runtime Environment to continue.
# Native memory allocation (malloc) failed to allocate 32744 bytes for ChunkPool::allocate
# Possible reasons:
#   The system is out of physical RAM or swap space
#   In 32 bit mode, the process size limit was hit
# Possible solutions:
#   Reduce memory load on the system
#   Increase physical memory or swap space
#   Check if swap backing store is full
#   Use 64 bit Java on a 64 bit OS
#   Decrease Java heap size (-Xmx/-Xms)
#   Decrease number of Java threads
#   Decrease Java thread stack sizes (-Xss)
#   Set larger code cache with -XX:ReservedCodeCacheSize=
# This output file may be truncated or incomplete.
#
#  Out of Memory Error (allocation.cpp:273), pid=4904, tid=6360
#
# JRE version: Java(TM) SE Runtime Environment (8.0_77-b03) (build 1.8.0_77-b03)
# Java VM: Java HotSpot(TM) 64-Bit Server VM (25.77-b03 mixed mode windows-amd64 compressed oops)
# Failed to write core dump. Minidumps are not enabled by default on client versions of Windows
#

---------------  T H R E A D  ---------------

Current thread (0x00000000561bb800):  JavaThread "C2 CompilerThread0" daemon [_thread_in_native, id=6360, stack(0x0000000056b10000,0x0000000056c10000)]

Stack: [0x0000000056b10000,0x0000000056c10000]
[error occurred during error reporting (printing stack bounds), id 0xc0000005]

Native frames: (J=compiled Java code, j=interpreted, Vv=VM code, C=native code)


Current CompileTask:
C2:    385  155       4       com.android.dx.util.ByteArray::checkOffsets (66 bytes)


---------------  P R O C E S S  ---------------

Java Threads: ( => current thread )
  0x000000005637a000 JavaThread "pool-2-thread-2" [_thread_in_vm, id=1268, stack(0x00000000576c0000,0x00000000577c0000)]
  0x0000000056370000 JavaThread "pool-3-thread-1" [_thread_blocked, id=6992, stack(0x00000000574c0000,0x00000000575c0000)]
  0x000000005636f000 JavaThread "pool-2-thread-1" [_thread_blocked, id=4460, stack(0x0000000057240000,0x0000000057340000)]
  0x00000000561d5000 JavaThread "Service Thread" daemon [_thread_blocked, id=6636, stack(0x00000000567c0000,0x00000000568c0000)]
  0x00000000561c8800 JavaThread "C1 CompilerThread2" daemon [_thread_in_native, id=6216, stack(0x0000000056eb0000,0x0000000056fb0000)]
  0x00000000561c7800 JavaThread "C2 CompilerThread1" daemon [_thread_in_native, id=1728, stack(0x0000000056cc0000,0x0000000056dc0000)]
=>0x00000000561bb800 JavaThread "C2 CompilerThread0" daemon [_thread_in_native, id=6360, stack(0x0000000056b10000,0x0000000056c10000)]
  0x00000000561b8800 JavaThread "Attach Listener" daemon [_thread_blocked, id=3088, stack(0x0000000056910000,0x0000000056a10000)]
  0x0000000054da1800 JavaThread "Signal Dispatcher" daemon [_thread_blocked, id=6708, stack(0x0000000056680000,0x0000000056780000)]
  0x0000000054d83800 JavaThread "Finalizer" daemon [_thread_blocked, id=7108, stack(0x0000000055de0000,0x0000000055ee0000)]
  0x0000000054d42000 JavaThread "Reference Handler" daemon [_thread_blocked, id=3704, stack(0x00000000560b0000,0x00000000561b0000)]
  0x00000000022ff000 JavaThread "main" [_thread_in_vm, id=7124, stack(0x0000000002550000,0x0000000002650000)]

Other Threads:
  0x0000000054d3a000 VMThread [stack: 0x0000000055f00000,0x0000000056000000] [id=5432]
  0x0000000056262800 WatcherThread [stack: 0x0000000057080000,0x0000000057180000] [id=2664]

VM state:not at safepoint (normal execution)

VM Mutex/Monitor currently owned by a thread:  ([mutex/lock_event])
[0x00000000022fdd70] MethodData_lock - owner thread: 0x00000000022ff000

Heap:
 PSYoungGen      total 18944K, used 4613K [0x00000000eab00000, 0x00000000ec000000, 0x0000000100000000)
  eden space 16384K, 28% used [0x00000000eab00000,0x00000000eaf81760,0x00000000ebb00000)
  from space 2560K, 0% used [0x00000000ebd80000,0x00000000ebd80000,0x00000000ec000000)
  to   space 2560K, 0% used [0x00000000ebb00000,0x00000000ebb00000,0x00000000ebd80000)
 ParOldGen       total 44032K, used 0K [0x00000000c0000000, 0x00000000c2b00000, 0x00000000eab00000)
  object space 44032K, 0% used [0x00000000c0000000,0x00000000c0000000,0x00000000c2b00000)
 Metaspace       used 3899K, capacity 5168K, committed 5376K, reserved 1056768K
  class space    used 440K, capacity 488K, committed 512K, reserved 1048576K

Card table byte_map: [0x0000000011a10000,0x0000000011c20000] byte_map_base: 0x0000000011410000

Marking Bits: (ParMarkBitMap*) 0x0000000070710600
 Begin Bits: [0x00000000121b0000, 0x00000000131b0000)
 End Bits:   [0x00000000131b0000, 0x00000000141b0000)

Polling page: 0x0000000000140000

CodeCache: size=245760Kb used=1338Kb max_used=1338Kb free=244421Kb
 bounds [0x0000000002650000, 0x00000000028c0000, 0x0000000011650000]
 total_blobs=403 nmethods=151 adapters=165
 compilation: enabled

Compilation events (10 events):
Event: 0.331 Thread 0x00000000561c8800 nmethod 149 0x000000000279c610 code [0x000000000279c880, 0x000000000279daf8]
Event: 0.331 Thread 0x00000000561c8800  150       3       com.android.dx.util.MutabilityControl::throwIfImmutable (18 bytes)
Event: 0.332 Thread 0x00000000561c8800 nmethod 150 0x000000000279e1d0 code [0x000000000279e340, 0x000000000279e5a8]
Event: 0.332 Thread 0x00000000561c8800  148       3       java.util.HashMap::put (13 bytes)
Event: 0.332 Thread 0x00000000561c8800 nmethod 148 0x000000000279e690 code [0x000000000279e820, 0x000000000279ebd8]
Event: 0.333 Thread 0x00000000561c8800  151       1       java.util.zip.ZStreamRef::address (5 bytes)
Event: 0.333 Thread 0x00000000561c8800 nmethod 151 0x000000000279ed10 code [0x000000000279ee60, 0x000000000279ef70]
Event: 0.333 Thread 0x00000000561c8800  152   !   3       com.android.dx.cf.cst.ConstantPoolParser::parse0 (731 bytes)
Event: 0.335 Thread 0x00000000561bb800  155       4       com.android.dx.util.ByteArray::checkOffsets (66 bytes)
Event: 0.335 Thread 0x00000000561c7800  157       4       com.android.dx.util.ByteArray::getUnsignedByte (14 bytes)

GC Heap History (0 events):
No events

Deoptimization events (0 events):
No events

Internal exceptions (2 events):
Event: 0.095 Thread 0x00000000022ff000 Exception <a 'java/lang/NoSuchMethodError': Method sun.misc.Unsafe.defineClass(Ljava/lang/String;[BII)Ljava/lang/Class; name or signature does not match> (0x00000000eab07cc0) thrown at [D:\re\workspace\8-2-build-windows-amd64-cygwin\jdk8u77\6540\hotspot\srìàf]js¸?
Event: 0.096 Thread 0x00000000022ff000 Exception <a 'java/lang/NoSuchMethodError': Method sun.misc.Unsafe.prefetchRead(Ljava/lang/Object;J)V name or signature does not match> (0x00000000eab07fa8) thrown at [D:\re\workspace\8-2-build-windows-amd64-cygwin\jdk8u77\6540\hotspot\src\share\vm\prims\j

Events (10 events):
Event: 0.332 loading class com/android/dx/dex/cf/AttributeTranslator done
Event: 0.333 loading class com/android/dx/util/Warning
Event: 0.333 loading class com/android/dx/util/Warning done
Event: 0.333 loading class com/android/dx/rop/annotation/Annotations
Event: 0.334 loading class com/android/dx/rop/annotation/Annotations done
Event: 0.334 loading class com/android/dx/rop/cst/CstEnumRef
Event: 0.334 loading class com/android/dx/rop/cst/CstEnumRef done
Event: 0.335 loading class java/util/concurrent/locks/LockSupport done
Event: 0.335 loading class sun/nio/ch/Interruptible
Event: 0.335 loading class sun/nio/ch/Interruptible done


Dynamic libraries:
0x000000013f730000 - 0x000000013f767000 	C:\Program Files\Java\jdk1.8.0_77\bin\java.exe
0x00000000770d0000 - 0x0000000077279000 	C:\Windows\SYSTEM32\ntdll.dll
0x0000000076eb0000 - 0x0000000076fcf000 	C:\Windows\system32\kernel32.dll
0x000007fefcfd0000 - 0x000007fefd03c000 	C:\Windows\system32\KERNELBASE.dll
0x000007fefd920000 - 0x000007fefd9fb000 	C:\Windows\system32\ADVAPI32.dll
0x000007fefed40000 - 0x000007fefeddf000 	C:\Windows\system32\msvcrt.dll
0x000007fefe9d0000 - 0x000007fefe9ef000 	C:\Windows\SYSTEM32\sechost.dll
0x000007feff000000 - 0x000007feff12d000 	C:\Windows\system32\RPCRT4.dll
0x0000000076fd0000 - 0x00000000770ca000 	C:\Windows\system32\USER32.dll
0x000007fefd8b0000 - 0x000007fefd917000 	C:\Windows\system32\GDI32.dll
0x000007fefeff0000 - 0x000007fefeffe000 	C:\Windows\system32\LPK.dll
0x000007fefdb60000 - 0x000007fefdc29000 	C:\Windows\system32\USP10.dll
0x000007fefb650000 - 0x000007fefb844000 	C:\Windows\WinSxS\amd64_microsoft.windows.common-controls_6595b64144ccf1df_6.0.7601.17514_none_fa396087175ac9ac\COMCTL32.dll
0x000007fefea90000 - 0x000007fefeb01000 	C:\Windows\system32\SHLWAPI.dll
0x000007fefd360000 - 0x000007fefd38e000 	C:\Windows\system32\IMM32.DLL
0x000007fefd4d0000 - 0x000007fefd5d9000 	C:\Windows\system32\MSCTF.dll
0x0000000068760000 - 0x0000000068832000 	C:\Program Files\Java\jdk1.8.0_77\jre\bin\msvcr100.dll
0x000000006ff00000 - 0x0000000070790000 	C:\Program Files\Java\jdk1.8.0_77\jre\bin\server\jvm.dll
0x000007feeef80000 - 0x000007feeef89000 	C:\Windows\system32\WSOCK32.dll
0x000007fefecf0000 - 0x000007fefed3d000 	C:\Windows\system32\WS2_32.dll
0x000007fefe9c0000 - 0x000007fefe9c8000 	C:\Windows\system32\NSI.dll
0x000007fef9690000 - 0x000007fef96cb000 	C:\Windows\system32\WINMM.dll
0x000007fefbff0000 - 0x000007fefbffc000 	C:\Windows\system32\VERSION.dll
0x0000000077290000 - 0x0000000077297000 	C:\Windows\system32\PSAPI.DLL
0x0000000072f50000 - 0x0000000072f5f000 	C:\Program Files\Java\jdk1.8.0_77\jre\bin\verify.dll
0x0000000072f20000 - 0x0000000072f49000 	C:\Program Files\Java\jdk1.8.0_77\jre\bin\java.dll
0x0000000072e60000 - 0x0000000072e76000 	C:\Program Files\Java\jdk1.8.0_77\jre\bin\zip.dll
0x000007fefdc30000 - 0x000007fefe9b8000 	C:\Windows\system32\SHELL32.dll
0x000007fefede0000 - 0x000007fefefe3000 	C:\Windows\system32\ole32.dll
0x000007fefceb0000 - 0x000007fefcebf000 	C:\Windows\system32\profapi.dll

VM Arguments:
jvm_args: -Djava.awt.headless=true -Xmx1024M -Dfile.encoding=GBK -Duser.country=CN -Duser.language=zh -Duser.variant 
java_command: com.android.dx.command.Main --dex --force-jumbo --num-threads=4 --multi-dex --output D:\space\Sheng\app\build\intermediates\transforms\dex\debug\folders\1000\5\slice_1 D:\space\Sheng\app\build\intermediates\transforms\instantRunSlicer\debug\folders\1\5\slice_1
java_class_path (initial): D:\studio-sdk\build-tools\23.0.3\lib\dx.jar
Launcher Type: SUN_STANDARD

Environment Variables:
JAVA_HOME=C:\Program Files\Java\jdk1.8.0_77
CLASSPATH=.;C:\Program Files\Java\jdk1.8.0_77/lib/
PATH=C:\Program Files\Java\jdk1.8.0_77\bin;C:\ProgramData\Oracle\Java\javapath;C:\Windows\system32;C:\Windows;C:\Windows\System32\Wbem;C:\Windows\System32\WindowsPowerShell\v1.0\;C:\Program Files (x86)\NVIDIA Corporation\PhysX\Common;D:\studio-sdk\platform-tools;D:\s\gradle\gradle-1.10-all\gradle-1.10\bin;D:\Program Files\Git\cmd
USERNAME=Administrator
OS=Windows_NT
PROCESSOR_IDENTIFIER=Intel64 Family 6 Model 60 Stepping 3, GenuineIntel



---------------  S Y S T E M  ---------------

OS: Windows 7 , 64 bit Build 7601 (6.1.7601.17932)

CPU:total 4 (2 cores per cpu, 2 threads per core) family 6 model 60 stepping 3, cmov, cx8, fxsr, mmx, sse, sse2, sse3, ssse3, sse4.1, sse4.2, popcnt, avx, avx2, aes, clmul, erms, lzcnt, ht, tsc, tscinvbit, bmi1, bmi2

Memory: 4k page, physical 4092180k(375688k free), swap 5138904k(145136k free)

vm_info: Java HotSpot(TM) 64-Bit Server VM (25.77-b03) for windows-amd64 JRE (1.8.0_77-b03), built on Mar 20 2016 22:01:33 by "java_re" with MS VC++ 10.0 (VS2010)

time: Mon Jun 13 15:20:30 2016
elapsed time: 0 seconds (0d 0h 0m 0s)

