#
# There is insufficient memory for the Java Runtime Environment to continue.
# Native memory allocation (malloc) failed to allocate 831376 bytes for Chunk::new
# Possible reasons:
#   The system is out of physical RAM or swap space
#   In 32 bit mode, the process size limit was hit
# Possible solutions:
#   Reduce memory load on the system
#   Increase physical memory or swap space
#   Check if swap backing store is full
#   Use 64 bit Java on a 64 bit OS
#   Decrease Java heap size (-Xmx/-Xms)
#   Decrease number of Java threads
#   Decrease Java thread stack sizes (-Xss)
#   Set larger code cache with -XX:ReservedCodeCacheSize=
# This output file may be truncated or incomplete.
#
#  Out of Memory Error (allocation.cpp:390), pid=4880, tid=5872
#
# JRE version: Java(TM) SE Runtime Environment (8.0_77-b03) (build 1.8.0_77-b03)
# Java VM: Java HotSpot(TM) 64-Bit Server VM (25.77-b03 mixed mode windows-amd64 compressed oops)
# Failed to write core dump. Minidumps are not enabled by default on client versions of Windows
#

---------------  T H R E A D  ---------------

Current thread (0x0000000054dcc000):  JavaThread "C2 CompilerThread0" daemon [_thread_in_native, id=5872, stack(0x0000000011c00000,0x0000000011d00000)]

Stack: [0x0000000011c00000,0x0000000011d00000]
[error occurred during error reporting (printing stack bounds), id 0xc0000005]

Native frames: (J=compiled Java code, j=interpreted, Vv=VM code, C=native code)


Current CompileTask:
C2:   4979 1569   !   4       com.android.dx.cf.code.RopperMachine::run (1550 bytes)


---------------  P R O C E S S  ---------------

Java Threads: ( => current thread )
  0x00000000563d0800 JavaThread "pool-2-thread-4" [_thread_blocked, id=4896, stack(0x0000000057940000,0x0000000057a40000)]
  0x00000000563ca800 JavaThread "pool-2-thread-3" [_thread_blocked, id=2080, stack(0x0000000057720000,0x0000000057820000)]
  0x00000000563c7000 JavaThread "pool-2-thread-2" [_thread_blocked, id=6528, stack(0x00000000566d0000,0x00000000567d0000)]
  0x0000000056435000 JavaThread "pool-3-thread-1" [_thread_blocked, id=4572, stack(0x0000000057610000,0x0000000057710000)]
  0x0000000056433800 JavaThread "pool-2-thread-1" [_thread_in_vm, id=6168, stack(0x0000000057470000,0x0000000057570000)]
  0x0000000056121000 JavaThread "Service Thread" daemon [_thread_blocked, id=5608, stack(0x0000000056a00000,0x0000000056b00000)]
  0x0000000056115000 JavaThread "C1 CompilerThread2" daemon [_thread_blocked, id=6976, stack(0x0000000056900000,0x0000000056a00000)]
  0x0000000056114000 JavaThread "C2 CompilerThread1" daemon [_thread_in_native, id=6100, stack(0x00000000567d0000,0x00000000568d0000)]
=>0x0000000054dcc000 JavaThread "C2 CompilerThread0" daemon [_thread_in_native, id=5872, stack(0x0000000011c00000,0x0000000011d00000)]
  0x000000005610a800 JavaThread "Attach Listener" daemon [_thread_blocked, id=5292, stack(0x0000000055eb0000,0x0000000055fb0000)]
  0x0000000054dbd000 JavaThread "Signal Dispatcher" daemon [_thread_blocked, id=4276, stack(0x0000000056550000,0x0000000056650000)]
  0x0000000054da3800 JavaThread "Finalizer" daemon [_thread_blocked, id=2636, stack(0x0000000056000000,0x0000000056100000)]
  0x0000000054d62000 JavaThread "Reference Handler" daemon [_thread_blocked, id=7080, stack(0x0000000055d40000,0x0000000055e40000)]
  0x00000000003ef000 JavaThread "main" [_thread_blocked, id=5508, stack(0x00000000022a0000,0x00000000023a0000)]

Other Threads:
  0x0000000054d5a800 VMThread [stack: 0x0000000055bd0000,0x0000000055cd0000] [id=4872]
  0x00000000561db800 WatcherThread [stack: 0x0000000056b20000,0x0000000056c20000] [id=4576]

VM state:not at safepoint (normal execution)

VM Mutex/Monitor currently owned by a thread: None

Heap:
 PSYoungGen      total 35328K, used 3660K [0x00000000eab00000, 0x00000000ed000000, 0x0000000100000000)
  eden space 32768K, 3% used [0x00000000eab00000,0x00000000eac14040,0x00000000ecb00000)
  from space 2560K, 99% used [0x00000000ecb00000,0x00000000ecd7f330,0x00000000ecd80000)
  to   space 2560K, 0% used [0x00000000ecd80000,0x00000000ecd80000,0x00000000ed000000)
 ParOldGen       total 44032K, used 6928K [0x00000000c0000000, 0x00000000c2b00000, 0x00000000eab00000)
  object space 44032K, 15% used [0x00000000c0000000,0x00000000c06c43b8,0x00000000c2b00000)
 Metaspace       used 6283K, capacity 7094K, committed 7296K, reserved 1056768K
  class space    used 607K, capacity 622K, committed 640K, reserved 1048576K

Card table byte_map: [0x0000000011760000,0x0000000011970000] byte_map_base: 0x0000000011160000

Marking Bits: (ParMarkBitMap*) 0x000000006c820600
 Begin Bits: [0x00000000121d0000, 0x00000000131d0000)
 End Bits:   [0x00000000131d0000, 0x00000000141d0000)

Polling page: 0x0000000000350000

CodeCache: size=245760Kb used=6788Kb max_used=6799Kb free=238971Kb
 bounds [0x00000000023a0000, 0x0000000002a50000, 0x00000000113a0000]
 total_blobs=1846 nmethods=1575 adapters=184
 compilation: enabled

Compilation events (10 events):
Event: 4.957 Thread 0x0000000054dcc000 1569   !   4       com.android.dx.cf.code.RopperMachine::run (1550 bytes)
Event: 4.965 Thread 0x0000000056114000 nmethod 1574 0x0000000002a49890 code [0x0000000002a49a40, 0x0000000002a4a818]
Event: 4.965 Thread 0x0000000056114000 1568       4       com.android.dx.rop.code.Rop::hashCode (54 bytes)
Event: 4.966 Thread 0x0000000056115000 1581       3       com.android.dx.cf.attrib.RawAttribute::byteLength (11 bytes)
Event: 4.966 Thread 0x0000000056115000 nmethod 1581 0x00000000029f8c90 code [0x00000000029f8de0, 0x00000000029f8fd0]
Event: 4.966 Thread 0x0000000056115000 1582       1       com.android.dx.cf.direct.AttributeListParser::setObserver (6 bytes)
Event: 4.967 Thread 0x0000000056115000 nmethod 1582 0x00000000029f8990 code [0x00000000029f8ae0, 0x00000000029f8c10]
Event: 4.976 Thread 0x0000000056114000 nmethod 1568 0x0000000002a19ed0 code [0x0000000002a1a040, 0x0000000002a1a738]
Event: 4.977 Thread 0x0000000056115000 1583       3       java.util.Arrays::copyOf (19 bytes)
Event: 4.977 Thread 0x0000000056115000 nmethod 1583 0x00000000029f83d0 code [0x00000000029f8540, 0x00000000029f8868]

GC Heap History (6 events):
Event: 2.000 GC heap before
{Heap before GC invocations=1 (full 0):
 PSYoungGen      total 18944K, used 16384K [0x00000000eab00000, 0x00000000ec000000, 0x0000000100000000)
  eden space 16384K, 100% used [0x00000000eab00000,0x00000000ebb00000,0x00000000ebb00000)
  from space 2560K, 0% used [0x00000000ebd80000,0x00000000ebd80000,0x00000000ec000000)
  to   space 2560K, 0% used [0x00000000ebb00000,0x00000000ebb00000,0x00000000ebd80000)
 ParOldGen       total 44032K, used 0K [0x00000000c0000000, 0x00000000c2b00000, 0x00000000eab00000)
  object space 44032K, 0% used [0x00000000c0000000,0x00000000c0000000,0x00000000c2b00000)
 Metaspace       used 4001K, capacity 5104K, committed 5376K, reserved 1056768K
  class space    used 445K, capacity 488K, committed 512K, reserved 1048576K
Event: 2.073 GC heap after
Heap after GC invocations=1 (full 0):
 PSYoungGen      total 18944K, used 1664K [0x00000000eab00000, 0x00000000ed000000, 0x0000000100000000)
  eden space 16384K, 0% used [0x00000000eab00000,0x00000000eab00000,0x00000000ebb00000)
  from space 2560K, 65% used [0x00000000ebb00000,0x00000000ebca03d8,0x00000000ebd80000)
  to   space 2560K, 0% used [0x00000000ecd80000,0x00000000ecd80000,0x00000000ed000000)
 ParOldGen       total 44032K, used 0K [0x00000000c0000000, 0x00000000c2b00000, 0x00000000eab00000)
  object space 44032K, 0% used [0x00000000c0000000,0x00000000c0000000,0x00000000c2b00000)
 Metaspace       used 4001K, capacity 5104K, committed 5376K, reserved 1056768K
  class space    used 445K, capacity 488K, committed 512K, reserved 1048576K
}
Event: 2.910 GC heap before
{Heap before GC invocations=2 (full 0):
 PSYoungGen      total 18944K, used 18048K [0x00000000eab00000, 0x00000000ed000000, 0x0000000100000000)
  eden space 16384K, 100% used [0x00000000eab00000,0x00000000ebb00000,0x00000000ebb00000)
  from space 2560K, 65% used [0x00000000ebb00000,0x00000000ebca03d8,0x00000000ebd80000)
  to   space 2560K, 0% used [0x00000000ecd80000,0x00000000ecd80000,0x00000000ed000000)
 ParOldGen       total 44032K, used 0K [0x00000000c0000000, 0x00000000c2b00000, 0x00000000eab00000)
  object space 44032K, 0% used [0x00000000c0000000,0x00000000c0000000,0x00000000c2b00000)
 Metaspace       used 6030K, capacity 6836K, committed 7040K, reserved 1056768K
  class space    used 605K, capacity 620K, committed 640K, reserved 1048576K
Event: 3.071 GC heap after
Heap after GC invocations=2 (full 0):
 PSYoungGen      total 35328K, used 2554K [0x00000000eab00000, 0x00000000ed000000, 0x0000000100000000)
  eden space 32768K, 0% used [0x00000000eab00000,0x00000000eab00000,0x00000000ecb00000)
  from space 2560K, 99% used [0x00000000ecd80000,0x00000000ecffeb68,0x00000000ed000000)
  to   space 2560K, 0% used [0x00000000ecb00000,0x00000000ecb00000,0x00000000ecd80000)
 ParOldGen       total 44032K, used 2239K [0x00000000c0000000, 0x00000000c2b00000, 0x00000000eab00000)
  object space 44032K, 5% used [0x00000000c0000000,0x00000000c022fdd0,0x00000000c2b00000)
 Metaspace       used 6030K, capacity 6836K, committed 7040K, reserved 1056768K
  class space    used 605K, capacity 620K, committed 640K, reserved 1048576K
}
Event: 4.774 GC heap before
{Heap before GC invocations=3 (full 0):
 PSYoungGen      total 35328K, used 35322K [0x00000000eab00000, 0x00000000ed000000, 0x0000000100000000)
  eden space 32768K, 100% used [0x00000000eab00000,0x00000000ecb00000,0x00000000ecb00000)
  from space 2560K, 99% used [0x00000000ecd80000,0x00000000ecffeb68,0x00000000ed000000)
  to   space 2560K, 0% used [0x00000000ecb00000,0x00000000ecb00000,0x00000000ecd80000)
 ParOldGen       total 44032K, used 2239K [0x00000000c0000000, 0x00000000c2b00000, 0x00000000eab00000)
  object space 44032K, 5% used [0x00000000c0000000,0x00000000c022fdd0,0x00000000c2b00000)
 Metaspace       used 6283K, capacity 7094K, committed 7296K, reserved 1056768K
  class space    used 607K, capacity 622K, committed 640K, reserved 1048576K
Event: 4.879 GC heap after
Heap after GC invocations=3 (full 0):
 PSYoungGen      total 35328K, used 2556K [0x00000000eab00000, 0x00000000ed000000, 0x0000000100000000)
  eden space 32768K, 0% used [0x00000000eab00000,0x00000000eab00000,0x00000000ecb00000)
  from space 2560K, 99% used [0x00000000ecb00000,0x00000000ecd7f330,0x00000000ecd80000)
  to   space 2560K, 0% used [0x00000000ecd80000,0x00000000ecd80000,0x00000000ed000000)
 ParOldGen       total 44032K, used 6928K [0x00000000c0000000, 0x00000000c2b00000, 0x00000000eab00000)
  object space 44032K, 15% used [0x00000000c0000000,0x00000000c06c43b8,0x00000000c2b00000)
 Metaspace       used 6283K, capacity 7094K, committed 7296K, reserved 1056768K
  class space    used 607K, capacity 622K, committed 640K, reserved 1048576K
}

Deoptimization events (10 events):
Event: 3.979 Thread 0x00000000563d0800 Uncommon trap: reason=unstable_if action=reinterpret pc=0x000000000290c6b0 method=java.util.BitSet.clone()Ljava/lang/Object; @ 4
Event: 4.028 Thread 0x00000000563c7000 Uncommon trap: reason=unstable_if action=reinterpret pc=0x00000000028333e8 method=com.android.dx.cf.code.Ropper.labelToResultIndex(I)I @ 34
Event: 4.029 Thread 0x00000000563c7000 Uncommon trap: reason=class_check action=maybe_recompile pc=0x000000000271a518 method=com.android.dx.rop.type.Type.equals(Ljava/lang/Object;)Z @ 8
Event: 4.029 Thread 0x00000000563c7000 Uncommon trap: reason=class_check action=maybe_recompile pc=0x000000000271a518 method=com.android.dx.rop.type.Type.equals(Ljava/lang/Object;)Z @ 8
Event: 4.029 Thread 0x00000000563c7000 Uncommon trap: reason=class_check action=maybe_recompile pc=0x000000000271a518 method=com.android.dx.rop.type.Type.equals(Ljava/lang/Object;)Z @ 8
Event: 4.030 Thread 0x00000000563c7000 Uncommon trap: reason=class_check action=maybe_recompile pc=0x000000000271a518 method=com.android.dx.rop.type.Type.equals(Ljava/lang/Object;)Z @ 8
Event: 4.037 Thread 0x00000000563c7000 Uncommon trap: reason=unstable_if action=reinterpret pc=0x00000000028bf090 method=com.android.dx.util.LabeledList.set(ILcom/android/dx/util/LabeledItem;)V @ 16
Event: 4.038 Thread 0x00000000563c7000 Uncommon trap: reason=class_check action=maybe_recompile pc=0x00000000027574b0 method=com.android.dx.rop.type.Type.equals(Ljava/lang/Object;)Z @ 8
Event: 4.766 Thread 0x0000000056433800 Uncommon trap: reason=bimorphic action=maybe_recompile pc=0x00000000028709e4 method=com.android.dx.cf.code.BytecodeArray.parseInstruction(ILcom/android/dx/cf/code/BytecodeArray$Visitor;)I @ 2484
Event: 4.766 Thread 0x0000000056433800 Uncommon trap: reason=bimorphic action=maybe_recompile pc=0x00000000028709e4 method=com.android.dx.cf.code.BytecodeArray.parseInstruction(ILcom/android/dx/cf/code/BytecodeArray$Visitor;)I @ 2484

Internal exceptions (2 events):
Event: 0.273 Thread 0x00000000003ef000 Exception <a 'java/lang/NoSuchMethodError': Method sun.misc.Unsafe.defineClass(Ljava/lang/String;[BII)Ljava/lang/Class; name or signature does not match> (0x00000000eab07cc0) thrown at [D:\re\workspace\8-2-build-windows-amd64-cygwin\jdk8u77\6540\hotspot\srè*‡ÛfrÑ?
Event: 0.273 Thread 0x00000000003ef000 Exception <a 'java/lang/NoSuchMethodError': Method sun.misc.Unsafe.prefetchRead(Ljava/lang/Object;J)V name or signature does not match> (0x00000000eab07fa8) thrown at [D:\re\workspace\8-2-build-windows-amd64-cygwin\jdk8u77\6540\hotspot\src\share\vm\prims\j

Events (10 events):
Event: 4.765 Thread 0x0000000056433800 DEOPT PACKING pc=0x00000000026a4c7b sp=0x000000005756e5f0
Event: 4.765 Thread 0x0000000056433800 DEOPT UNPACKING pc=0x00000000023e787f sp=0x000000005756e3b8 mode 0
Event: 4.766 Thread 0x0000000056433800 Uncommon trap: trap_request=0xffffffc6 fr.pc=0x00000000028709e4
Event: 4.766 Thread 0x0000000056433800 DEOPT PACKING pc=0x00000000028709e4 sp=0x000000005756e600
Event: 4.766 Thread 0x0000000056433800 DEOPT UNPACKING pc=0x00000000023e582a sp=0x000000005756e588 mode 2
Event: 4.766 Thread 0x0000000056433800 Uncommon trap: trap_request=0xffffffc6 fr.pc=0x00000000028709e4
Event: 4.766 Thread 0x0000000056433800 DEOPT PACKING pc=0x00000000028709e4 sp=0x000000005756e450
Event: 4.766 Thread 0x0000000056433800 DEOPT UNPACKING pc=0x00000000023e582a sp=0x000000005756e3d8 mode 2
Event: 4.774 Executing VM operation: ParallelGCFailedAllocation
Event: 4.879 Executing VM operation: ParallelGCFailedAllocation done


Dynamic libraries:
0x000000013f210000 - 0x000000013f247000 	C:\Program Files\Java\jdk1.8.0_77\bin\java.exe
0x0000000077240000 - 0x00000000773e9000 	C:\Windows\SYSTEM32\ntdll.dll
0x0000000077120000 - 0x000000007723f000 	C:\Windows\system32\kernel32.dll
0x000007fefd3b0000 - 0x000007fefd41c000 	C:\Windows\system32\KERNELBASE.dll
0x000007fefed60000 - 0x000007fefee3b000 	C:\Windows\system32\ADVAPI32.dll
0x000007fefee40000 - 0x000007fefeedf000 	C:\Windows\system32\msvcrt.dll
0x000007fefebe0000 - 0x000007fefebff000 	C:\Windows\SYSTEM32\sechost.dll
0x000007fefd5a0000 - 0x000007fefd6cd000 	C:\Windows\system32\RPCRT4.dll
0x0000000077020000 - 0x000000007711a000 	C:\Windows\system32\USER32.dll
0x000007fefd760000 - 0x000007fefd7c7000 	C:\Windows\system32\GDI32.dll
0x000007fefd6d0000 - 0x000007fefd6de000 	C:\Windows\system32\LPK.dll
0x000007fefd7e0000 - 0x000007fefd8a9000 	C:\Windows\system32\USP10.dll
0x000007fefb9f0000 - 0x000007fefbbe4000 	C:\Windows\WinSxS\amd64_microsoft.windows.common-controls_6595b64144ccf1df_6.0.7601.17514_none_fa396087175ac9ac\COMCTL32.dll
0x000007feff240000 - 0x000007feff2b1000 	C:\Windows\system32\SHLWAPI.dll
0x000007fefd4f0000 - 0x000007fefd51e000 	C:\Windows\system32\IMM32.DLL
0x000007fefea30000 - 0x000007fefeb39000 	C:\Windows\system32\MSCTF.dll
0x0000000070100000 - 0x00000000701d2000 	C:\Program Files\Java\jdk1.8.0_77\jre\bin\msvcr100.dll
0x000000006c010000 - 0x000000006c8a0000 	C:\Program Files\Java\jdk1.8.0_77\jre\bin\server\jvm.dll
0x000007fefb850000 - 0x000007fefb859000 	C:\Windows\system32\WSOCK32.dll
0x000007feff110000 - 0x000007feff15d000 	C:\Windows\system32\WS2_32.dll
0x000007fefd7d0000 - 0x000007fefd7d8000 	C:\Windows\system32\NSI.dll
0x000007fef9850000 - 0x000007fef988b000 	C:\Windows\system32\WINMM.dll
0x000007fefc160000 - 0x000007fefc16c000 	C:\Windows\system32\VERSION.dll
0x0000000077400000 - 0x0000000077407000 	C:\Windows\system32\PSAPI.DLL
0x00000000736d0000 - 0x00000000736df000 	C:\Program Files\Java\jdk1.8.0_77\jre\bin\verify.dll
0x00000000734f0000 - 0x0000000073519000 	C:\Program Files\Java\jdk1.8.0_77\jre\bin\java.dll
0x0000000073530000 - 0x0000000073546000 	C:\Program Files\Java\jdk1.8.0_77\jre\bin\zip.dll
0x000007fefdac0000 - 0x000007fefe848000 	C:\Windows\system32\SHELL32.dll
0x000007fefd8b0000 - 0x000007fefdab3000 	C:\Windows\system32\ole32.dll
0x000007fefd020000 - 0x000007fefd02f000 	C:\Windows\system32\profapi.dll

VM Arguments:
jvm_args: -Djava.awt.headless=true -Xmx1024M -Dfile.encoding=GBK -Duser.country=CN -Duser.language=zh -Duser.variant 
java_command: com.android.dx.command.Main --dex --force-jumbo --num-threads=4 --multi-dex --output D:\space\Sheng\sample\build\intermediates\transforms\dex\debug\folders\1000\10\com.android.support-support-v4-23.4.0_99924d54ff47de4575b44e88817605c1cfb86ed1 D:\space\Sheng\sample\build\intermediates\exploded-aar\com.android.support\support-v4\23.4.0\jars\classes.jar
java_class_path (initial): D:\studio-sdk\build-tools\23.0.3\lib\dx.jar
Launcher Type: SUN_STANDARD

Environment Variables:
JAVA_HOME=C:\Program Files\Java\jdk1.8.0_77
CLASSPATH=.;C:\Program Files\Java\jdk1.8.0_77/lib/
PATH=C:\Program Files\Java\jdk1.8.0_77\bin;C:\ProgramData\Oracle\Java\javapath;C:\Windows\system32;C:\Windows;C:\Windows\System32\Wbem;C:\Windows\System32\WindowsPowerShell\v1.0\;C:\Program Files (x86)\NVIDIA Corporation\PhysX\Common;D:\studio-sdk\platform-tools;D:\s\gradle\gradle-1.10-all\gradle-1.10\bin;D:\Program Files\Git\cmd
USERNAME=Administrator
OS=Windows_NT
PROCESSOR_IDENTIFIER=Intel64 Family 6 Model 60 Stepping 3, GenuineIntel



---------------  S Y S T E M  ---------------

OS: Windows 7 , 64 bit Build 7601 (6.1.7601.17932)

CPU:total 4 (2 cores per cpu, 2 threads per core) family 6 model 60 stepping 3, cmov, cx8, fxsr, mmx, sse, sse2, sse3, ssse3, sse4.1, sse4.2, popcnt, avx, avx2, aes, clmul, erms, lzcnt, ht, tsc, tscinvbit, bmi1, bmi2

Memory: 4k page, physical 4092180k(260368k free), swap 5138904k(5952k free)

vm_info: Java HotSpot(TM) 64-Bit Server VM (25.77-b03) for windows-amd64 JRE (1.8.0_77-b03), built on Mar 20 2016 22:01:33 by "java_re" with MS VC++ 10.0 (VS2010)

time: Tue Jun 14 09:44:43 2016
elapsed time: 4 seconds (0d 0h 0m 4s)

