#
# There is insufficient memory for the Java Runtime Environment to continue.
# Native memory allocation (malloc) failed to allocate 335136 bytes for Chunk::new
# Possible reasons:
#   The system is out of physical RAM or swap space
#   In 32 bit mode, the process size limit was hit
# Possible solutions:
#   Reduce memory load on the system
#   Increase physical memory or swap space
#   Check if swap backing store is full
#   Use 64 bit Java on a 64 bit OS
#   Decrease Java heap size (-Xmx/-Xms)
#   Decrease number of Java threads
#   Decrease Java thread stack sizes (-Xss)
#   Set larger code cache with -XX:ReservedCodeCacheSize=
# This output file may be truncated or incomplete.
#
#  Out of Memory Error (allocation.cpp:390), pid=3820, tid=1272
#
# JRE version: Java(TM) SE Runtime Environment (8.0_77-b03) (build 1.8.0_77-b03)
# Java VM: Java HotSpot(TM) 64-Bit Server VM (25.77-b03 mixed mode windows-amd64 compressed oops)
# Failed to write core dump. Minidumps are not enabled by default on client versions of Windows
#

---------------  T H R E A D  ---------------

Current thread (0x00000000560da800):  JavaThread "C2 CompilerThread0" daemon [_thread_in_native, id=1272, stack(0x0000000056890000,0x0000000056990000)]

Stack: [0x0000000056890000,0x0000000056990000]
[error occurred during error reporting (printing stack bounds), id 0xc0000005]

Native frames: (J=compiled Java code, j=interpreted, Vv=VM code, C=native code)


Current CompileTask:
C2:   7792 1790 %     4       com.android.dx.ssa.SsaMethod::forEachBlockDepthFirst @ 62 (194 bytes)


---------------  P R O C E S S  ---------------

Java Threads: ( => current thread )
  0x00000000570dd000 JavaThread "pool-2-thread-4" [_thread_blocked, id=5096, stack(0x0000000057c50000,0x0000000057d50000)]
  0x000000005704b000 JavaThread "pool-2-thread-3" [_thread_blocked, id=5504, stack(0x00000000579a0000,0x0000000057aa0000)]
  0x0000000056421000 JavaThread "pool-2-thread-2" [_thread_blocked, id=6084, stack(0x0000000057aa0000,0x0000000057ba0000)]
  0x000000005644e000 JavaThread "pool-3-thread-1" [_thread_blocked, id=5212, stack(0x0000000057880000,0x0000000057980000)]
  0x00000000570d4000 JavaThread "pool-2-thread-1" [_thread_blocked, id=6052, stack(0x0000000056780000,0x0000000056880000)]
  0x0000000056151000 JavaThread "Service Thread" daemon [_thread_blocked, id=4024, stack(0x0000000056dc0000,0x0000000056ec0000)]
  0x00000000560e5000 JavaThread "C1 CompilerThread2" daemon [_thread_blocked, id=6512, stack(0x0000000056be0000,0x0000000056ce0000)]
  0x00000000560e4000 JavaThread "C2 CompilerThread1" daemon [_thread_in_native, id=6664, stack(0x0000000056a70000,0x0000000056b70000)]
=>0x00000000560da800 JavaThread "C2 CompilerThread0" daemon [_thread_in_native, id=1272, stack(0x0000000056890000,0x0000000056990000)]
  0x00000000560d9000 JavaThread "Attach Listener" daemon [_thread_blocked, id=6556, stack(0x00000000564e0000,0x00000000565e0000)]
  0x00000000560d8800 JavaThread "Signal Dispatcher" daemon [_thread_blocked, id=6288, stack(0x0000000056620000,0x0000000056720000)]
  0x0000000054d59000 JavaThread "Finalizer" daemon [_thread_blocked, id=5764, stack(0x0000000055cd0000,0x0000000055dd0000)]
  0x0000000054d12000 JavaThread "Reference Handler" daemon [_thread_blocked, id=5568, stack(0x0000000055fd0000,0x00000000560d0000)]
  0x0000000001e2f000 JavaThread "main" [_thread_blocked, id=2296, stack(0x00000000024f0000,0x00000000025f0000)]

Other Threads:
  0x0000000054d0a800 VMThread [stack: 0x0000000055e30000,0x0000000055f30000] [id=6492]
  0x00000000561c4800 WatcherThread [stack: 0x0000000056f40000,0x0000000057040000] [id=4488]

VM state:not at safepoint (normal execution)

VM Mutex/Monitor currently owned by a thread: None

Heap:
 PSYoungGen      total 68096K, used 5703K [0x00000000eab00000, 0x00000000ef000000, 0x0000000100000000)
  eden space 65536K, 4% used [0x00000000eab00000,0x00000000eae13fb8,0x00000000eeb00000)
  from space 2560K, 99% used [0x00000000eed80000,0x00000000eeffe020,0x00000000ef000000)
  to   space 2560K, 0% used [0x00000000eeb00000,0x00000000eeb00000,0x00000000eed80000)
 ParOldGen       total 44032K, used 12713K [0x00000000c0000000, 0x00000000c2b00000, 0x00000000eab00000)
  object space 44032K, 28% used [0x00000000c0000000,0x00000000c0c6a4d0,0x00000000c2b00000)
 Metaspace       used 6351K, capacity 7096K, committed 7296K, reserved 1056768K
  class space    used 611K, capacity 624K, committed 640K, reserved 1048576K

Card table byte_map: [0x00000000119b0000,0x0000000011bc0000] byte_map_base: 0x00000000113b0000

Marking Bits: (ParMarkBitMap*) 0x000000006c820600
 Begin Bits: [0x0000000012180000, 0x0000000013180000)
 End Bits:   [0x0000000013180000, 0x0000000014180000)

Polling page: 0x0000000000140000

CodeCache: size=245760Kb used=7712Kb max_used=7723Kb free=238047Kb
 bounds [0x00000000025f0000, 0x0000000002d90000, 0x00000000115f0000]
 total_blobs=2047 nmethods=1772 adapters=187
 compilation: enabled

Compilation events (10 events):
Event: 7.606 Thread 0x00000000560da800 1785       4       com.android.dx.cf.code.LocalVariableList::pcAndIndexToLocal (51 bytes)
Event: 7.608 Thread 0x00000000560da800 nmethod 1785 0x0000000002d64890 code [0x0000000002d649e0, 0x0000000002d64af8]
Event: 7.638 Thread 0x00000000560e5000 1786       3       java.util.concurrent.locks.AbstractQueuedSynchronizer::isOnSyncQueue (33 bytes)
Event: 7.638 Thread 0x00000000560e5000 nmethod 1786 0x0000000002d64250 code [0x0000000002d643c0, 0x0000000002d64750]
Event: 7.755 Thread 0x00000000560da800 1787 %     4       com.android.dx.ssa.Dominators::run @ 403 (506 bytes)
Event: 7.763 Thread 0x00000000560da800 nmethod 1787% 0x0000000002d61f90 code [0x0000000002d62100, 0x0000000002d626b8]
Event: 7.763 Thread 0x00000000560e4000 1788       4       com.android.dx.ssa.Dominators::run (506 bytes)
Event: 7.764 Thread 0x00000000560da800 1789       4       java.util.TreeMap$PrivateEntryIterator::nextEntry (54 bytes)
Event: 7.767 Thread 0x00000000560da800 nmethod 1789 0x0000000002d65d50 code [0x0000000002d65ea0, 0x0000000002d65fd8]
Event: 7.771 Thread 0x00000000560da800 1790 %     4       com.android.dx.ssa.SsaMethod::forEachBlockDepthFirst @ 62 (194 bytes)

GC Heap History (8 events):
Event: 0.461 GC heap before
{Heap before GC invocations=1 (full 0):
 PSYoungGen      total 18944K, used 16384K [0x00000000eab00000, 0x00000000ec000000, 0x0000000100000000)
  eden space 16384K, 100% used [0x00000000eab00000,0x00000000ebb00000,0x00000000ebb00000)
  from space 2560K, 0% used [0x00000000ebd80000,0x00000000ebd80000,0x00000000ec000000)
  to   space 2560K, 0% used [0x00000000ebb00000,0x00000000ebb00000,0x00000000ebd80000)
 ParOldGen       total 44032K, used 0K [0x00000000c0000000, 0x00000000c2b00000, 0x00000000eab00000)
  object space 44032K, 0% used [0x00000000c0000000,0x00000000c0000000,0x00000000c2b00000)
 Metaspace       used 3460K, capacity 4720K, committed 4864K, reserved 1056768K
  class space    used 375K, capacity 424K, committed 512K, reserved 1048576K
Event: 0.477 GC heap after
Heap after GC invocations=1 (full 0):
 PSYoungGen      total 18944K, used 1285K [0x00000000eab00000, 0x00000000ed000000, 0x0000000100000000)
  eden space 16384K, 0% used [0x00000000eab00000,0x00000000eab00000,0x00000000ebb00000)
  from space 2560K, 50% used [0x00000000ebb00000,0x00000000ebc41660,0x00000000ebd80000)
  to   space 2560K, 0% used [0x00000000ecd80000,0x00000000ecd80000,0x00000000ed000000)
 ParOldGen       total 44032K, used 0K [0x00000000c0000000, 0x00000000c2b00000, 0x00000000eab00000)
  object space 44032K, 0% used [0x00000000c0000000,0x00000000c0000000,0x00000000c2b00000)
 Metaspace       used 3460K, capacity 4720K, committed 4864K, reserved 1056768K
  class space    used 375K, capacity 424K, committed 512K, reserved 1048576K
}
Event: 0.849 GC heap before
{Heap before GC invocations=2 (full 0):
 PSYoungGen      total 18944K, used 17669K [0x00000000eab00000, 0x00000000ed000000, 0x0000000100000000)
  eden space 16384K, 100% used [0x00000000eab00000,0x00000000ebb00000,0x00000000ebb00000)
  from space 2560K, 50% used [0x00000000ebb00000,0x00000000ebc41660,0x00000000ebd80000)
  to   space 2560K, 0% used [0x00000000ecd80000,0x00000000ecd80000,0x00000000ed000000)
 ParOldGen       total 44032K, used 0K [0x00000000c0000000, 0x00000000c2b00000, 0x00000000eab00000)
  object space 44032K, 0% used [0x00000000c0000000,0x00000000c0000000,0x00000000c2b00000)
 Metaspace       used 5859K, capacity 6712K, committed 6784K, reserved 1056768K
  class space    used 610K, capacity 624K, committed 640K, reserved 1048576K
Event: 0.969 GC heap after
Heap after GC invocations=2 (full 0):
 PSYoungGen      total 35328K, used 2543K [0x00000000eab00000, 0x00000000ed000000, 0x0000000100000000)
  eden space 32768K, 0% used [0x00000000eab00000,0x00000000eab00000,0x00000000ecb00000)
  from space 2560K, 99% used [0x00000000ecd80000,0x00000000ecffbc70,0x00000000ed000000)
  to   space 2560K, 0% used [0x00000000ecb00000,0x00000000ecb00000,0x00000000ecd80000)
 ParOldGen       total 44032K, used 2004K [0x00000000c0000000, 0x00000000c2b00000, 0x00000000eab00000)
  object space 44032K, 4% used [0x00000000c0000000,0x00000000c01f5338,0x00000000c2b00000)
 Metaspace       used 5859K, capacity 6712K, committed 6784K, reserved 1056768K
  class space    used 610K, capacity 624K, committed 640K, reserved 1048576K
}
Event: 1.852 GC heap before
{Heap before GC invocations=3 (full 0):
 PSYoungGen      total 35328K, used 35311K [0x00000000eab00000, 0x00000000ed000000, 0x0000000100000000)
  eden space 32768K, 100% used [0x00000000eab00000,0x00000000ecb00000,0x00000000ecb00000)
  from space 2560K, 99% used [0x00000000ecd80000,0x00000000ecffbc70,0x00000000ed000000)
  to   space 2560K, 0% used [0x00000000ecb00000,0x00000000ecb00000,0x00000000ecd80000)
 ParOldGen       total 44032K, used 2004K [0x00000000c0000000, 0x00000000c2b00000, 0x00000000eab00000)
  object space 44032K, 4% used [0x00000000c0000000,0x00000000c01f5338,0x00000000c2b00000)
 Metaspace       used 6192K, capacity 7032K, committed 7296K, reserved 1056768K
  class space    used 610K, capacity 624K, committed 640K, reserved 1048576K
Event: 2.085 GC heap after
Heap after GC invocations=3 (full 0):
 PSYoungGen      total 35328K, used 2552K [0x00000000eab00000, 0x00000000ef000000, 0x0000000100000000)
  eden space 32768K, 0% used [0x00000000eab00000,0x00000000eab00000,0x00000000ecb00000)
  from space 2560K, 99% used [0x00000000ecb00000,0x00000000ecd7e040,0x00000000ecd80000)
  to   space 2560K, 0% used [0x00000000eed80000,0x00000000eed80000,0x00000000ef000000)
 ParOldGen       total 44032K, used 7309K [0x00000000c0000000, 0x00000000c2b00000, 0x00000000eab00000)
  object space 44032K, 16% used [0x00000000c0000000,0x00000000c07234d0,0x00000000c2b00000)
 Metaspace       used 6192K, capacity 7032K, committed 7296K, reserved 1056768K
  class space    used 610K, capacity 624K, committed 640K, reserved 1048576K
}
Event: 6.428 GC heap before
{Heap before GC invocations=4 (full 0):
 PSYoungGen      total 35328K, used 35320K [0x00000000eab00000, 0x00000000ef000000, 0x0000000100000000)
  eden space 32768K, 100% used [0x00000000eab00000,0x00000000ecb00000,0x00000000ecb00000)
  from space 2560K, 99% used [0x00000000ecb00000,0x00000000ecd7e040,0x00000000ecd80000)
  to   space 2560K, 0% used [0x00000000eed80000,0x00000000eed80000,0x00000000ef000000)
 ParOldGen       total 44032K, used 7309K [0x00000000c0000000, 0x00000000c2b00000, 0x00000000eab00000)
  object space 44032K, 16% used [0x00000000c0000000,0x00000000c07234d0,0x00000000c2b00000)
 Metaspace       used 6343K, capacity 7096K, committed 7296K, reserved 1056768K
  class space    used 611K, capacity 624K, committed 640K, reserved 1048576K
Event: 6.746 GC heap after
Heap after GC invocations=4 (full 0):
 PSYoungGen      total 68096K, used 2552K [0x00000000eab00000, 0x00000000ef000000, 0x0000000100000000)
  eden space 65536K, 0% used [0x00000000eab00000,0x00000000eab00000,0x00000000eeb00000)
  from space 2560K, 99% used [0x00000000eed80000,0x00000000eeffe020,0x00000000ef000000)
  to   space 2560K, 0% used [0x00000000eeb00000,0x00000000eeb00000,0x00000000eed80000)
 ParOldGen       total 44032K, used 12713K [0x00000000c0000000, 0x00000000c2b00000, 0x00000000eab00000)
  object space 44032K, 28% used [0x00000000c0000000,0x00000000c0c6a4d0,0x00000000c2b00000)
 Metaspace       used 6343K, capacity 7096K, committed 7296K, reserved 1056768K
  class space    used 611K, capacity 624K, committed 640K, reserved 1048576K
}

Deoptimization events (10 events):
Event: 4.852 Thread 0x00000000570d4000 Uncommon trap: reason=unstable_if action=reinterpret pc=0x0000000002c7ff48 method=com.android.dx.cf.code.ExecutionStack.<init>(I)V @ 2
Event: 5.127 Thread 0x000000005704b000 Uncommon trap: reason=bimorphic action=maybe_recompile pc=0x000000000296d814 method=java.util.HashMap.getNode(ILjava/lang/Object;)Ljava/util/HashMap$Node; @ 126
Event: 5.128 Thread 0x000000005704b000 Uncommon trap: reason=bimorphic action=maybe_recompile pc=0x000000000284fa60 method=java.util.HashMap.getNode(ILjava/lang/Object;)Ljava/util/HashMap$Node; @ 126
Event: 5.130 Thread 0x000000005704b000 Uncommon trap: reason=bimorphic action=maybe_recompile pc=0x000000000296d814 method=java.util.HashMap.getNode(ILjava/lang/Object;)Ljava/util/HashMap$Node; @ 126
Event: 5.345 Thread 0x000000005704b000 Uncommon trap: reason=unstable_if action=reinterpret pc=0x0000000002cfd09c method=com.android.dx.util.BitIntSet.has(I)Z @ 8
Event: 5.676 Thread 0x00000000570d4000 Uncommon trap: reason=bimorphic action=maybe_recompile pc=0x0000000002caedd8 method=com.android.dx.cf.code.BytecodeArray.parseInstruction(ILcom/android/dx/cf/code/BytecodeArray$Visitor;)I @ 2281
Event: 5.676 Thread 0x00000000570d4000 Uncommon trap: reason=bimorphic action=maybe_recompile pc=0x0000000002caedd8 method=com.android.dx.cf.code.BytecodeArray.parseInstruction(ILcom/android/dx/cf/code/BytecodeArray$Visitor;)I @ 2281
Event: 5.716 Thread 0x00000000570d4000 Uncommon trap: reason=unstable_if action=reinterpret pc=0x00000000029a8c6c method=com.android.dx.util.IntList.binarysearch(I)I @ 105
Event: 5.716 Thread 0x00000000570d4000 Uncommon trap: reason=unstable_if action=reinterpret pc=0x0000000002c7845c method=com.android.dx.ssa.SsaBasicBlock.newFromRop(Lcom/android/dx/rop/code/RopMethod;ILcom/android/dx/ssa/SsaMethod;)Lcom/android/dx/ssa/SsaBasicBlock; @ 164
Event: 5.717 Thread 0x00000000570d4000 Uncommon trap: reason=unstable_if action=reinterpret pc=0x0000000002caa6f0 method=com.android.dx.ssa.SsaMethod.blockIndexToRopLabel(I)I @ 1

Internal exceptions (2 events):
Event: 0.040 Thread 0x0000000001e2f000 Exception <a 'java/lang/NoSuchMethodError': Method sun.misc.Unsafe.defineClass(Ljava/lang/String;[BII)Ljava/lang/Class; name or signature does not match> (0x00000000eab07cc0) thrown at [D:\re\workspace\8-2-build-windows-amd64-cygwin\jdk8u77\6540\hotspot\srﬁ,i=…k§?
Event: 0.040 Thread 0x0000000001e2f000 Exception <a 'java/lang/NoSuchMethodError': Method sun.misc.Unsafe.prefetchRead(Ljava/lang/Object;J)V name or signature does not match> (0x00000000eab07fa8) thrown at [D:\re\workspace\8-2-build-windows-amd64-cygwin\jdk8u77\6540\hotspot\src\share\vm\prims\j

Events (10 events):
Event: 5.716 Thread 0x00000000570d4000 Uncommon trap: trap_request=0xffffff65 fr.pc=0x0000000002c7845c
Event: 5.716 Thread 0x00000000570d4000 DEOPT PACKING pc=0x0000000002c7845c sp=0x000000005687e7c0
Event: 5.716 Thread 0x00000000570d4000 DEOPT UNPACKING pc=0x000000000263582a sp=0x000000005687e7b8 mode 2
Event: 5.717 Thread 0x00000000570d4000 Uncommon trap: trap_request=0xffffff65 fr.pc=0x0000000002caa6f0
Event: 5.717 Thread 0x00000000570d4000 DEOPT PACKING pc=0x0000000002caa6f0 sp=0x000000005687e800
Event: 5.717 Thread 0x00000000570d4000 DEOPT UNPACKING pc=0x000000000263582a sp=0x000000005687e708 mode 2
Event: 6.428 Executing VM operation: ParallelGCFailedAllocation
Event: 6.746 Executing VM operation: ParallelGCFailedAllocation done
Event: 7.763 Thread 0x000000005704b000 DEOPT PACKING pc=0x0000000002a16259 sp=0x0000000057a9e2b0
Event: 7.763 Thread 0x000000005704b000 DEOPT UNPACKING pc=0x000000000263787f sp=0x0000000057a9e0f0 mode 0


Dynamic libraries:
0x000000013f210000 - 0x000000013f247000 	C:\Program Files\Java\jdk1.8.0_77\bin\java.exe
0x0000000077240000 - 0x00000000773e9000 	C:\Windows\SYSTEM32\ntdll.dll
0x0000000077120000 - 0x000000007723f000 	C:\Windows\system32\kernel32.dll
0x000007fefd3b0000 - 0x000007fefd41c000 	C:\Windows\system32\KERNELBASE.dll
0x000007fefed60000 - 0x000007fefee3b000 	C:\Windows\system32\ADVAPI32.dll
0x000007fefee40000 - 0x000007fefeedf000 	C:\Windows\system32\msvcrt.dll
0x000007fefebe0000 - 0x000007fefebff000 	C:\Windows\SYSTEM32\sechost.dll
0x000007fefd5a0000 - 0x000007fefd6cd000 	C:\Windows\system32\RPCRT4.dll
0x0000000077020000 - 0x000000007711a000 	C:\Windows\system32\USER32.dll
0x000007fefd760000 - 0x000007fefd7c7000 	C:\Windows\system32\GDI32.dll
0x000007fefd6d0000 - 0x000007fefd6de000 	C:\Windows\system32\LPK.dll
0x000007fefd7e0000 - 0x000007fefd8a9000 	C:\Windows\system32\USP10.dll
0x000007fefb9f0000 - 0x000007fefbbe4000 	C:\Windows\WinSxS\amd64_microsoft.windows.common-controls_6595b64144ccf1df_6.0.7601.17514_none_fa396087175ac9ac\COMCTL32.dll
0x000007feff240000 - 0x000007feff2b1000 	C:\Windows\system32\SHLWAPI.dll
0x000007fefd4f0000 - 0x000007fefd51e000 	C:\Windows\system32\IMM32.DLL
0x000007fefea30000 - 0x000007fefeb39000 	C:\Windows\system32\MSCTF.dll
0x0000000070100000 - 0x00000000701d2000 	C:\Program Files\Java\jdk1.8.0_77\jre\bin\msvcr100.dll
0x000000006c010000 - 0x000000006c8a0000 	C:\Program Files\Java\jdk1.8.0_77\jre\bin\server\jvm.dll
0x000007fefb850000 - 0x000007fefb859000 	C:\Windows\system32\WSOCK32.dll
0x000007feff110000 - 0x000007feff15d000 	C:\Windows\system32\WS2_32.dll
0x000007fefd7d0000 - 0x000007fefd7d8000 	C:\Windows\system32\NSI.dll
0x000007fef9850000 - 0x000007fef988b000 	C:\Windows\system32\WINMM.dll
0x000007fefc160000 - 0x000007fefc16c000 	C:\Windows\system32\VERSION.dll
0x0000000077400000 - 0x0000000077407000 	C:\Windows\system32\PSAPI.DLL
0x00000000736d0000 - 0x00000000736df000 	C:\Program Files\Java\jdk1.8.0_77\jre\bin\verify.dll
0x00000000734f0000 - 0x0000000073519000 	C:\Program Files\Java\jdk1.8.0_77\jre\bin\java.dll
0x0000000073530000 - 0x0000000073546000 	C:\Program Files\Java\jdk1.8.0_77\jre\bin\zip.dll
0x000007fefdac0000 - 0x000007fefe848000 	C:\Windows\system32\SHELL32.dll
0x000007fefd8b0000 - 0x000007fefdab3000 	C:\Windows\system32\ole32.dll
0x000007fefd020000 - 0x000007fefd02f000 	C:\Windows\system32\profapi.dll

VM Arguments:
jvm_args: -Djava.awt.headless=true -Xmx1024M -Dfile.encoding=GBK -Duser.country=CN -Duser.language=zh -Duser.variant 
java_command: com.android.dx.command.Main --dex --force-jumbo --num-threads=4 --multi-dex --output D:\space\Sheng\sample\build\intermediates\transforms\dex\debug\folders\1000\10\guava-18.0_2278082f4a55f060d3810693875cc9a317826ff9 C:\Users\Administrator\.gradle\caches\modules-2\files-2.1\com.google.guava\guava\18.0\cce0823396aa693798f8882e64213b1772032b09\guava-18.0.jar
java_class_path (initial): D:\studio-sdk\build-tools\23.0.3\lib\dx.jar
Launcher Type: SUN_STANDARD

Environment Variables:
JAVA_HOME=C:\Program Files\Java\jdk1.8.0_77
CLASSPATH=.;C:\Program Files\Java\jdk1.8.0_77/lib/
PATH=C:\Program Files\Java\jdk1.8.0_77\bin;C:\ProgramData\Oracle\Java\javapath;C:\Windows\system32;C:\Windows;C:\Windows\System32\Wbem;C:\Windows\System32\WindowsPowerShell\v1.0\;C:\Program Files (x86)\NVIDIA Corporation\PhysX\Common;D:\studio-sdk\platform-tools;D:\s\gradle\gradle-1.10-all\gradle-1.10\bin;D:\Program Files\Git\cmd
USERNAME=Administrator
OS=Windows_NT
PROCESSOR_IDENTIFIER=Intel64 Family 6 Model 60 Stepping 3, GenuineIntel



---------------  S Y S T E M  ---------------

OS: Windows 7 , 64 bit Build 7601 (6.1.7601.17932)

CPU:total 4 (2 cores per cpu, 2 threads per core) family 6 model 60 stepping 3, cmov, cx8, fxsr, mmx, sse, sse2, sse3, ssse3, sse4.1, sse4.2, popcnt, avx, avx2, aes, clmul, erms, lzcnt, ht, tsc, tscinvbit, bmi1, bmi2

Memory: 4k page, physical 4092180k(259652k free), swap 5138904k(5236k free)

vm_info: Java HotSpot(TM) 64-Bit Server VM (25.77-b03) for windows-amd64 JRE (1.8.0_77-b03), built on Mar 20 2016 22:01:33 by "java_re" with MS VC++ 10.0 (VS2010)

time: Tue Jun 14 09:44:43 2016
elapsed time: 7 seconds (0d 0h 0m 7s)

